<?xml version="1.0" encoding="UTF-8" ?>
<testsuites>
  <testsuite errors="1" failures="0" hostname="S4KYDP6" id="0" name="DeliveryDataCourseCatalog" package="CourseCatalog" tests="1" time="413.452" timestamp="2016-05-30T08:13:38">
      <properties>
[...]
</properties>

      <testcase classname="CourseCatalog.DeliveryDataCourseCatalog" name="DeliveryDataInit" time="413.401">
          <error message="No frame element found by name or id gadget-0&#xa;Build info: version: &apos;2.53.0&apos;, revision: &apos;35ae25b&apos;, time: &apos;2016-03-15 16:57:40&apos;&#xa;System info: host: &apos;S4KYDP6&apos;, ip: &apos;10.236.132.46&apos;, os.name: &apos;Windows 7&apos;, os.arch: &apos;x86&apos;, os.version: &apos;6.1&apos;, java.version: &apos;1.8.0_74&apos;&#xa;Driver info: driver.version: unknown" type="org.openqa.selenium.NoSuchFrameException">org.openqa.selenium.NoSuchFrameException: No frame element found by name or id gadget-0
Build info: version: &apos;2.53.0&apos;, revision: &apos;35ae25b&apos;, time: &apos;2016-03-15 16:57:40&apos;
System info: host: &apos;S4KYDP6&apos;, ip: &apos;10.236.132.46&apos;, os.name: &apos;Windows 7&apos;, os.arch: &apos;x86&apos;, os.version: &apos;6.1&apos;, java.version: &apos;1.8.0_74&apos;
Driver info: driver.version: unknown
	at org.openqa.selenium.remote.RemoteWebDriver$RemoteTargetLocator.frame(RemoteWebDriver.java:997)
	at CourseCatalog.CourseCatalogTemplate.Login(CourseCatalogTemplate.java:75)
	at CourseCatalog.StandardCourseCatalogCreation.CourseStandard(StandardCourseCatalogCreation.java:33)
	at CourseCatalog.DeliveryDataCourseCatalog.DeliveryData(DeliveryDataCourseCatalog.java:33)
	at CourseCatalog.DeliveryDataCourseCatalog.DeliveryDataInit(DeliveryDataCourseCatalog.java:28)
</error>

      </testcase>

      <system-out><![CDATA[]]></system-out>

      <system-err><![CDATA[]]></system-err>

  </testsuite>
  <testsuite errors="0" failures="0" hostname="S4KYDP6" id="1" name="StandardCourseCatalogCreation" package="CourseCatalog" tests="1" time="266.42" timestamp="2016-05-30T12:35:32">
      <properties>
[...]
</properties>

      <testcase classname="CourseCatalog.StandardCourseCatalogCreation" name="CourseStandardExecution" time="266.38" />

      <system-out><![CDATA[CATALOG-179157 Course Catalog has been created and sent to Active
]]></system-out>

      <system-err><![CDATA[]]></system-err>

  </testsuite>
  <testsuite errors="1" failures="0" hostname="S4KYDP6" id="2" name="UrgentCourseCatalog" package="CourseCatalog" tests="1" time="412.297" timestamp="2016-05-30T10:32:04">
      <properties>
[...]
</properties>

      <testcase classname="CourseCatalog.UrgentCourseCatalog" name="UrgentCourse" time="411.969">
          <error message="No frame element found by name or id gadget-0&#xa;Build info: version: &apos;2.53.0&apos;, revision: &apos;35ae25b&apos;, time: &apos;2016-03-15 16:57:40&apos;&#xa;System info: host: &apos;S4KYDP6&apos;, ip: &apos;10.236.132.46&apos;, os.name: &apos;Windows 7&apos;, os.arch: &apos;x86&apos;, os.version: &apos;6.1&apos;, java.version: &apos;1.8.0_74&apos;&#xa;Driver info: driver.version: unknown" type="org.openqa.selenium.NoSuchFrameException">org.openqa.selenium.NoSuchFrameException: No frame element found by name or id gadget-0
Build info: version: &apos;2.53.0&apos;, revision: &apos;35ae25b&apos;, time: &apos;2016-03-15 16:57:40&apos;
System info: host: &apos;S4KYDP6&apos;, ip: &apos;10.236.132.46&apos;, os.name: &apos;Windows 7&apos;, os.arch: &apos;x86&apos;, os.version: &apos;6.1&apos;, java.version: &apos;1.8.0_74&apos;
Driver info: driver.version: unknown
	at org.openqa.selenium.remote.RemoteWebDriver$RemoteTargetLocator.frame(RemoteWebDriver.java:997)
	at CourseCatalog.CourseCatalogTemplate.Login(CourseCatalogTemplate.java:75)
	at CourseCatalog.StandardCourseCatalogCreation.CourseStandard(StandardCourseCatalogCreation.java:33)
	at CourseCatalog.UrgentCourseCatalog.UrgentCourse(UrgentCourseCatalog.java:26)
</error>

      </testcase>

      <system-out><![CDATA[]]></system-out>

      <system-err><![CDATA[]]></system-err>

  </testsuite>
  <testsuite errors="1" failures="0" hostname="S4KYDP6" id="3" name="UrgentDeliveryDataCourseCatalog" package="CourseCatalog" tests="1" time="409.807" timestamp="2016-05-30T09:15:37">
      <properties>
[...]
</properties>

      <testcase classname="CourseCatalog.UrgentDeliveryDataCourseCatalog" name="UrgentDeliveryData" time="409.784">
          <error message="No frame element found by name or id gadget-0&#xa;Build info: version: &apos;2.53.0&apos;, revision: &apos;35ae25b&apos;, time: &apos;2016-03-15 16:57:40&apos;&#xa;System info: host: &apos;S4KYDP6&apos;, ip: &apos;10.236.132.46&apos;, os.name: &apos;Windows 7&apos;, os.arch: &apos;x86&apos;, os.version: &apos;6.1&apos;, java.version: &apos;1.8.0_74&apos;&#xa;Driver info: driver.version: unknown" type="org.openqa.selenium.NoSuchFrameException">org.openqa.selenium.NoSuchFrameException: No frame element found by name or id gadget-0
Build info: version: &apos;2.53.0&apos;, revision: &apos;35ae25b&apos;, time: &apos;2016-03-15 16:57:40&apos;
System info: host: &apos;S4KYDP6&apos;, ip: &apos;10.236.132.46&apos;, os.name: &apos;Windows 7&apos;, os.arch: &apos;x86&apos;, os.version: &apos;6.1&apos;, java.version: &apos;1.8.0_74&apos;
Driver info: driver.version: unknown
	at org.openqa.selenium.remote.RemoteWebDriver$RemoteTargetLocator.frame(RemoteWebDriver.java:997)
	at CourseCatalog.CourseCatalogTemplate.Login(CourseCatalogTemplate.java:75)
	at CourseCatalog.StandardCourseCatalogCreation.CourseStandard(StandardCourseCatalogCreation.java:33)
	at CourseCatalog.UrgentDeliveryDataCourseCatalog.UrgentDeliveryData(UrgentDeliveryDataCourseCatalog.java:26)
</error>

      </testcase>

      <system-out><![CDATA[]]></system-out>

      <system-err><![CDATA[]]></system-err>

  </testsuite>
  <testsuite errors="1" failures="0" hostname="S4KYDP6" id="4" name="ValidationCourseCatalog" package="CourseCatalog" tests="1" time="409.433" timestamp="2016-05-30T10:11:18">
      <properties>
[...]
</properties>

      <testcase classname="CourseCatalog.ValidationCourseCatalog" name="ValidationCourse" time="409.369">
          <error message="No frame element found by name or id gadget-0&#xa;Build info: version: &apos;2.53.0&apos;, revision: &apos;35ae25b&apos;, time: &apos;2016-03-15 16:57:40&apos;&#xa;System info: host: &apos;S4KYDP6&apos;, ip: &apos;10.236.132.46&apos;, os.name: &apos;Windows 7&apos;, os.arch: &apos;x86&apos;, os.version: &apos;6.1&apos;, java.version: &apos;1.8.0_74&apos;&#xa;Driver info: driver.version: unknown" type="org.openqa.selenium.NoSuchFrameException">org.openqa.selenium.NoSuchFrameException: No frame element found by name or id gadget-0
Build info: version: &apos;2.53.0&apos;, revision: &apos;35ae25b&apos;, time: &apos;2016-03-15 16:57:40&apos;
System info: host: &apos;S4KYDP6&apos;, ip: &apos;10.236.132.46&apos;, os.name: &apos;Windows 7&apos;, os.arch: &apos;x86&apos;, os.version: &apos;6.1&apos;, java.version: &apos;1.8.0_74&apos;
Driver info: driver.version: unknown
	at org.openqa.selenium.remote.RemoteWebDriver$RemoteTargetLocator.frame(RemoteWebDriver.java:997)
	at CourseCatalog.CourseCatalogTemplate.Login(CourseCatalogTemplate.java:75)
	at CourseCatalog.StandardCourseCatalogCreation.CourseStandard(StandardCourseCatalogCreation.java:33)
	at CourseCatalog.ValidationCourseCatalog.ValidationCourse(ValidationCourseCatalog.java:24)
</error>

      </testcase>

      <system-out><![CDATA[]]></system-out>

      <system-err><![CDATA[]]></system-err>

  </testsuite>
  <testsuite errors="1" failures="0" hostname="S4KYDP6" id="5" name="CourseModificationRequestDeliveryData" package="CourseModificationRequest" tests="1" time="0.0" timestamp="2016-05-30T08:34:19">
      <properties>
[...]
</properties>

      <error type="java.lang.ExceptionInInitializerError">java.lang.ExceptionInInitializerError
	at java.lang.Class.forName0(Native Method)
	at java.lang.Class.forName(Class.java:264)
Caused by: org.openqa.selenium.WebDriverException: Failed to connect to binary FirefoxBinary(C:\Users\C9854448\AppData\Local\Mozilla Firefox\firefox.exe) on port 7055; process output follows: 
,&quot;strictCompatibility&quot;:false,&quot;locales&quot;:[],&quot;targetApplications&quot;:[{&quot;id&quot;:&quot;{ec8030f7-c20a-464f-9b0e-13a3a9e97384}&quot;,&quot;minVersion&quot;:&quot;46.0a1&quot;,&quot;maxVersion&quot;:&quot;46.*&quot;},{&quot;id&quot;:&quot;xpcshell@tests.mozilla.org&quot;,&quot;minVersion&quot;:&quot;0&quot;,&quot;maxVersion&quot;:&quot;10&quot;}],&quot;targetPlatforms&quot;:[],&quot;multiprocessCompatible&quot;:false,&quot;seen&quot;:true}
1464597235296	addons.xpi	DEBUG	getModTime: Recursive scan of loop@mozilla.org
1464597235297	addons.xpi	DEBUG	Updating XPIState for {&quot;id&quot;:&quot;{972ce4c6-7e08-4474-a285-3208198ce6fd}&quot;,&quot;syncGUID&quot;:&quot;4GG708nTnMPE&quot;,&quot;location&quot;:&quot;app-global&quot;,&quot;version&quot;:&quot;46.0.1&quot;,&quot;type&quot;:&quot;theme&quot;,&quot;internalName&quot;:&quot;classic/1.0&quot;,&quot;updateURL&quot;:null,&quot;updateKey&quot;:null,&quot;optionsURL&quot;:null,&quot;optionsType&quot;:null,&quot;aboutURL&quot;:null,&quot;icons&quot;:{&quot;32&quot;:&quot;icon.png&quot;,&quot;48&quot;:&quot;icon.png&quot;},&quot;iconURL&quot;:null,&quot;icon64URL&quot;:null,&quot;defaultLocale&quot;:{&quot;name&quot;:&quot;Default&quot;,&quot;description&quot;:&quot;The default theme.&quot;,&quot;creator&quot;:&quot;Mozilla&quot;,&quot;homepageURL&quot;:null,&quot;contributors&quot;:[&quot;Mozilla Contributors&quot;]},&quot;visible&quot;:true,&quot;active&quot;:true,&quot;userDisabled&quot;:false,&quot;appDisabled&quot;:false,&quot;descriptor&quot;:&quot;C:\\Users\\C9854448\\AppData\\Local\\Mozilla Firefox\\browser\\extensions\\{972ce4c6-7e08-4474-a285-3208198ce6fd}.xpi&quot;,&quot;installDate&quot;:1462532993659,&quot;updateDate&quot;:1462532993659,&quot;applyBackgroundUpdates&quot;:1,&quot;skinnable&quot;:true,&quot;size&quot;:22012,&quot;sourceURI&quot;:null,&quot;releaseNotesURI&quot;:null,&quot;softDisabled&quot;:false,&quot;foreignInstall&quot;:false,&quot;hasBinaryComponents&quot;:false,&quot;strictCompatibility&quot;:true,&quot;locales&quot;:[],&quot;targetApplications&quot;:[{&quot;id&quot;:&quot;{ec8030f7-c20a-464f-9b0e-13a3a9e97384}&quot;,&quot;minVersion&quot;:&quot;46.0.1&quot;,&quot;maxVersion&quot;:&quot;46.0.1&quot;}],&quot;targetPlatforms&quot;:[],&quot;seen&quot;:true}
1464597235297	addons.xpi	DEBUG	getModTime: Recursive scan of {972ce4c6-7e08-4474-a285-3208198ce6fd}
1464597235298	DeferredSave.extensions.json	DEBUG	Save changes
1464597235298	addons.xpi	DEBUG	Updating database with changes to installed add-ons
1464597235298	addons.xpi-utils	DEBUG	Updating add-on states
1464597235299	addons.xpi-utils	DEBUG	Writing add-ons list
1464597235336	addons.xpi	DEBUG	Registering manifest for C:\Users\C9854448\AppData\Local\Mozilla Firefox\browser\features\e10srollout@mozilla.org.xpi
1464597235337	addons.xpi	DEBUG	Calling bootstrap method startup on e10srollout@mozilla.org version 1.0
1464597235337	addons.xpi	DEBUG	Registering manifest for C:\Users\C9854448\AppData\Local\Mozilla Firefox\browser\features\firefox@getpocket.com.xpi
1464597235338	addons.xpi	DEBUG	Calling bootstrap method startup on firefox@getpocket.com version 1.0
1464597235339	addons.xpi	DEBUG	Registering manifest for C:\Users\C9854448\AppData\Local\Mozilla Firefox\browser\features\loop@mozilla.org.xpi
1464597235340	addons.xpi	DEBUG	Calling bootstrap method startup on loop@mozilla.org version 1.2.6
1464597235362	addons.manager	DEBUG	Registering shutdown blocker for XPIProvider
1464597235362	addons.manager	DEBUG	Provider finished startup: XPIProvider
1464597235362	addons.manager	DEBUG	Starting provider: LightweightThemeManager
1464597235362	addons.manager	DEBUG	Registering shutdown blocker for LightweightThemeManager
1464597235362	addons.manager	DEBUG	Provider finished startup: LightweightThemeManager
1464597235363	addons.manager	DEBUG	Starting provider: GMPProvider
1464597235369	addons.manager	DEBUG	Registering shutdown blocker for GMPProvider
1464597235369	addons.manager	DEBUG	Provider finished startup: GMPProvider
1464597235369	addons.manager	DEBUG	Starting provider: PluginProvider
1464597235369	addons.manager	DEBUG	Registering shutdown blocker for PluginProvider
1464597235370	addons.manager	DEBUG	Provider finished startup: PluginProvider
1464597235370	addons.manager	DEBUG	Completed startup sequence
1464597243532	addons.manager	DEBUG	Starting provider: &lt;unnamed-provider&gt;
1464597243532	addons.manager	DEBUG	Registering shutdown blocker for &lt;unnamed-provider&gt;
1464597243533	addons.manager	DEBUG	Provider finished startup: &lt;unnamed-provider&gt;
1464597249201	DeferredSave.extensions.json	DEBUG	Write succeeded
1464597249201	addons.xpi-utils	DEBUG	XPI Database saved, setting schema version preference to 17
1464597249202	DeferredSave.extensions.json	DEBUG	Starting timer
1464597249242	DeferredSave.extensions.json	DEBUG	Starting write

Build info: version: &apos;2.53.0&apos;, revision: &apos;35ae25b&apos;, time: &apos;2016-03-15 16:57:40&apos;
System info: host: &apos;S4KYDP6&apos;, ip: &apos;10.236.132.46&apos;, os.name: &apos;Windows 7&apos;, os.arch: &apos;x86&apos;, os.version: &apos;6.1&apos;, java.version: &apos;1.8.0_74&apos;
Driver info: driver.version: FirefoxDriver
	at org.openqa.selenium.firefox.internal.NewProfileExtensionConnection.start(NewProfileExtensionConnection.java:124)
	at org.openqa.selenium.firefox.FirefoxDriver.startClient(FirefoxDriver.java:271)
	at org.openqa.selenium.remote.RemoteWebDriver.&lt;init&gt;(RemoteWebDriver.java:119)
	at org.openqa.selenium.firefox.FirefoxDriver.&lt;init&gt;(FirefoxDriver.java:218)
	at org.openqa.selenium.firefox.FirefoxDriver.&lt;init&gt;(FirefoxDriver.java:211)
	at org.openqa.selenium.firefox.FirefoxDriver.&lt;init&gt;(FirefoxDriver.java:207)
	at org.openqa.selenium.firefox.FirefoxDriver.&lt;init&gt;(FirefoxDriver.java:120)
	at CourseCatalog.CourseCatalogTemplate.&lt;clinit&gt;(CourseCatalogTemplate.java:24)
Caused by: org.openqa.selenium.firefox.NotConnectedException: Unable to connect to host 127.0.0.1 on port 7055 after 45000 ms. Firefox console output:
,&quot;strictCompatibility&quot;:false,&quot;locales&quot;:[],&quot;targetApplications&quot;:[{&quot;id&quot;:&quot;{ec8030f7-c20a-464f-9b0e-13a3a9e97384}&quot;,&quot;minVersion&quot;:&quot;46.0a1&quot;,&quot;maxVersion&quot;:&quot;46.*&quot;},{&quot;id&quot;:&quot;xpcshell@tests.mozilla.org&quot;,&quot;minVersion&quot;:&quot;0&quot;,&quot;maxVersion&quot;:&quot;10&quot;}],&quot;targetPlatforms&quot;:[],&quot;multiprocessCompatible&quot;:false,&quot;seen&quot;:true}
1464597235296	addons.xpi	DEBUG	getModTime: Recursive scan of loop@mozilla.org
1464597235297	addons.xpi	DEBUG	Updating XPIState for {&quot;id&quot;:&quot;{972ce4c6-7e08-4474-a285-3208198ce6fd}&quot;,&quot;syncGUID&quot;:&quot;4GG708nTnMPE&quot;,&quot;location&quot;:&quot;app-global&quot;,&quot;version&quot;:&quot;46.0.1&quot;,&quot;type&quot;:&quot;theme&quot;,&quot;internalName&quot;:&quot;classic/1.0&quot;,&quot;updateURL&quot;:null,&quot;updateKey&quot;:null,&quot;optionsURL&quot;:null,&quot;optionsType&quot;:null,&quot;aboutURL&quot;:null,&quot;icons&quot;:{&quot;32&quot;:&quot;icon.png&quot;,&quot;48&quot;:&quot;icon.png&quot;},&quot;iconURL&quot;:null,&quot;icon64URL&quot;:null,&quot;defaultLocale&quot;:{&quot;name&quot;:&quot;Default&quot;,&quot;description&quot;:&quot;The default theme.&quot;,&quot;creator&quot;:&quot;Mozilla&quot;,&quot;homepageURL&quot;:null,&quot;contributors&quot;:[&quot;Mozilla Contributors&quot;]},&quot;visible&quot;:true,&quot;active&quot;:true,&quot;userDisabled&quot;:false,&quot;appDisabled&quot;:false,&quot;descriptor&quot;:&quot;C:\\Users\\C9854448\\AppData\\Local\\Mozilla Firefox\\browser\\extensions\\{972ce4c6-7e08-4474-a285-3208198ce6fd}.xpi&quot;,&quot;installDate&quot;:1462532993659,&quot;updateDate&quot;:1462532993659,&quot;applyBackgroundUpdates&quot;:1,&quot;skinnable&quot;:true,&quot;size&quot;:22012,&quot;sourceURI&quot;:null,&quot;releaseNotesURI&quot;:null,&quot;softDisabled&quot;:false,&quot;foreignInstall&quot;:false,&quot;hasBinaryComponents&quot;:false,&quot;strictCompatibility&quot;:true,&quot;locales&quot;:[],&quot;targetApplications&quot;:[{&quot;id&quot;:&quot;{ec8030f7-c20a-464f-9b0e-13a3a9e97384}&quot;,&quot;minVersion&quot;:&quot;46.0.1&quot;,&quot;maxVersion&quot;:&quot;46.0.1&quot;}],&quot;targetPlatforms&quot;:[],&quot;seen&quot;:true}
1464597235297	addons.xpi	DEBUG	getModTime: Recursive scan of {972ce4c6-7e08-4474-a285-3208198ce6fd}
1464597235298	DeferredSave.extensions.json	DEBUG	Save changes
1464597235298	addons.xpi	DEBUG	Updating database with changes to installed add-ons
1464597235298	addons.xpi-utils	DEBUG	Updating add-on states
1464597235299	addons.xpi-utils	DEBUG	Writing add-ons list
1464597235336	addons.xpi	DEBUG	Registering manifest for C:\Users\C9854448\AppData\Local\Mozilla Firefox\browser\features\e10srollout@mozilla.org.xpi
1464597235337	addons.xpi	DEBUG	Calling bootstrap method startup on e10srollout@mozilla.org version 1.0
1464597235337	addons.xpi	DEBUG	Registering manifest for C:\Users\C9854448\AppData\Local\Mozilla Firefox\browser\features\firefox@getpocket.com.xpi
1464597235338	addons.xpi	DEBUG	Calling bootstrap method startup on firefox@getpocket.com version 1.0
1464597235339	addons.xpi	DEBUG	Registering manifest for C:\Users\C9854448\AppData\Local\Mozilla Firefox\browser\features\loop@mozilla.org.xpi
1464597235340	addons.xpi	DEBUG	Calling bootstrap method startup on loop@mozilla.org version 1.2.6
1464597235362	addons.manager	DEBUG	Registering shutdown blocker for XPIProvider
1464597235362	addons.manager	DEBUG	Provider finished startup: XPIProvider
1464597235362	addons.manager	DEBUG	Starting provider: LightweightThemeManager
1464597235362	addons.manager	DEBUG	Registering shutdown blocker for LightweightThemeManager
1464597235362	addons.manager	DEBUG	Provider finished startup: LightweightThemeManager
1464597235363	addons.manager	DEBUG	Starting provider: GMPProvider
1464597235369	addons.manager	DEBUG	Registering shutdown blocker for GMPProvider
1464597235369	addons.manager	DEBUG	Provider finished startup: GMPProvider
1464597235369	addons.manager	DEBUG	Starting provider: PluginProvider
1464597235369	addons.manager	DEBUG	Registering shutdown blocker for PluginProvider
1464597235370	addons.manager	DEBUG	Provider finished startup: PluginProvider
1464597235370	addons.manager	DEBUG	Completed startup sequence
1464597243532	addons.manager	DEBUG	Starting provider: &lt;unnamed-provider&gt;
1464597243532	addons.manager	DEBUG	Registering shutdown blocker for &lt;unnamed-provider&gt;
1464597243533	addons.manager	DEBUG	Provider finished startup: &lt;unnamed-provider&gt;
1464597249201	DeferredSave.extensions.json	DEBUG	Write succeeded
1464597249201	addons.xpi-utils	DEBUG	XPI Database saved, setting schema version preference to 17
1464597249202	DeferredSave.extensions.json	DEBUG	Starting timer
1464597249242	DeferredSave.extensions.json	DEBUG	Starting write

	at org.openqa.selenium.firefox.internal.NewProfileExtensionConnection.start(NewProfileExtensionConnection.java:112)
</error>

      <system-out><![CDATA[]]></system-out>

      <system-err><![CDATA[org.openqa.selenium.firefox.NotConnectedException: Unable to connect to host 127.0.0.1 on port 7055 after 45000 ms. Firefox console output:
,"strictCompatibility":false,"locales":[],"targetApplications":[{"id":"{ec8030f7-c20a-464f-9b0e-13a3a9e97384}","minVersion":"46.0a1","maxVersion":"46.*"},{"id":"xpcshell@tests.mozilla.org","minVersion":"0","maxVersion":"10"}],"targetPlatforms":[],"multiprocessCompatible":false,"seen":true}
1464597235296	addons.xpi	DEBUG	getModTime: Recursive scan of loop@mozilla.org
1464597235297	addons.xpi	DEBUG	Updating XPIState for {"id":"{972ce4c6-7e08-4474-a285-3208198ce6fd}","syncGUID":"4GG708nTnMPE","location":"app-global","version":"46.0.1","type":"theme","internalName":"classic/1.0","updateURL":null,"updateKey":null,"optionsURL":null,"optionsType":null,"aboutURL":null,"icons":{"32":"icon.png","48":"icon.png"},"iconURL":null,"icon64URL":null,"defaultLocale":{"name":"Default","description":"The default theme.","creator":"Mozilla","homepageURL":null,"contributors":["Mozilla Contributors"]},"visible":true,"active":true,"userDisabled":false,"appDisabled":false,"descriptor":"C:\\Users\\C9854448\\AppData\\Local\\Mozilla Firefox\\browser\\extensions\\{972ce4c6-7e08-4474-a285-3208198ce6fd}.xpi","installDate":1462532993659,"updateDate":1462532993659,"applyBackgroundUpdates":1,"skinnable":true,"size":22012,"sourceURI":null,"releaseNotesURI":null,"softDisabled":false,"foreignInstall":false,"hasBinaryComponents":false,"strictCompatibility":true,"locales":[],"targetApplications":[{"id":"{ec8030f7-c20a-464f-9b0e-13a3a9e97384}","minVersion":"46.0.1","maxVersion":"46.0.1"}],"targetPlatforms":[],"seen":true}
1464597235297	addons.xpi	DEBUG	getModTime: Recursive scan of {972ce4c6-7e08-4474-a285-3208198ce6fd}
1464597235298	DeferredSave.extensions.json	DEBUG	Save changes
1464597235298	addons.xpi	DEBUG	Updating database with changes to installed add-ons
1464597235298	addons.xpi-utils	DEBUG	Updating add-on states
1464597235299	addons.xpi-utils	DEBUG	Writing add-ons list
1464597235336	addons.xpi	DEBUG	Registering manifest for C:\Users\C9854448\AppData\Local\Mozilla Firefox\browser\features\e10srollout@mozilla.org.xpi
1464597235337	addons.xpi	DEBUG	Calling bootstrap method startup on e10srollout@mozilla.org version 1.0
1464597235337	addons.xpi	DEBUG	Registering manifest for C:\Users\C9854448\AppData\Local\Mozilla Firefox\browser\features\firefox@getpocket.com.xpi
1464597235338	addons.xpi	DEBUG	Calling bootstrap method startup on firefox@getpocket.com version 1.0
1464597235339	addons.xpi	DEBUG	Registering manifest for C:\Users\C9854448\AppData\Local\Mozilla Firefox\browser\features\loop@mozilla.org.xpi
1464597235340	addons.xpi	DEBUG	Calling bootstrap method startup on loop@mozilla.org version 1.2.6
1464597235362	addons.manager	DEBUG	Registering shutdown blocker for XPIProvider
1464597235362	addons.manager	DEBUG	Provider finished startup: XPIProvider
1464597235362	addons.manager	DEBUG	Starting provider: LightweightThemeManager
1464597235362	addons.manager	DEBUG	Registering shutdown blocker for LightweightThemeManager
1464597235362	addons.manager	DEBUG	Provider finished startup: LightweightThemeManager
1464597235363	addons.manager	DEBUG	Starting provider: GMPProvider
1464597235369	addons.manager	DEBUG	Registering shutdown blocker for GMPProvider
1464597235369	addons.manager	DEBUG	Provider finished startup: GMPProvider
1464597235369	addons.manager	DEBUG	Starting provider: PluginProvider
1464597235369	addons.manager	DEBUG	Registering shutdown blocker for PluginProvider
1464597235370	addons.manager	DEBUG	Provider finished startup: PluginProvider
1464597235370	addons.manager	DEBUG	Completed startup sequence
1464597243532	addons.manager	DEBUG	Starting provider: <unnamed-provider>
1464597243532	addons.manager	DEBUG	Registering shutdown blocker for <unnamed-provider>
1464597243533	addons.manager	DEBUG	Provider finished startup: <unnamed-provider>
1464597249201	DeferredSave.extensions.json	DEBUG	Write succeeded
1464597249201	addons.xpi-utils	DEBUG	XPI Database saved, setting schema version preference to 17
1464597249202	DeferredSave.extensions.json	DEBUG	Starting timer
1464597249242	DeferredSave.extensions.json	DEBUG	Starting write

	at org.openqa.selenium.firefox.internal.NewProfileExtensionConnection.start(NewProfileExtensionConnection.java:112)
	at org.openqa.selenium.firefox.FirefoxDriver.startClient(FirefoxDriver.java:271)
	at org.openqa.selenium.remote.RemoteWebDriver.<init>(RemoteWebDriver.java:119)
	at org.openqa.selenium.firefox.FirefoxDriver.<init>(FirefoxDriver.java:218)
	at org.openqa.selenium.firefox.FirefoxDriver.<init>(FirefoxDriver.java:211)
	at org.openqa.selenium.firefox.FirefoxDriver.<init>(FirefoxDriver.java:207)
	at org.openqa.selenium.firefox.FirefoxDriver.<init>(FirefoxDriver.java:120)
	at CourseCatalog.CourseCatalogTemplate.<clinit>(CourseCatalogTemplate.java:24)
	at java.lang.Class.forName0(Native Method)
	at java.lang.Class.forName(Class.java:264)
	at org.apache.tools.ant.taskdefs.optional.junit.JUnitTestRunner.run(JUnitTestRunner.java:374)
	at org.apache.tools.ant.taskdefs.optional.junit.JUnitTestRunner.launch(JUnitTestRunner.java:1060)
	at org.apache.tools.ant.taskdefs.optional.junit.JUnitTestRunner.main(JUnitTestRunner.java:911)
]]></system-err>

  </testsuite>
  <testsuite errors="1" failures="0" hostname="S4KYDP6" id="6" name="StandardCourseModificationRequest" package="CourseModificationRequest" tests="1" time="410.246" timestamp="2016-05-30T10:02:02">
      <properties>
[...]
</properties>

      <testcase classname="CourseModificationRequest.StandardCourseModificationRequest" name="CourseModificationRequest" time="409.582">
          <error message="No frame element found by name or id gadget-0&#xa;Build info: version: &apos;2.53.0&apos;, revision: &apos;35ae25b&apos;, time: &apos;2016-03-15 16:57:40&apos;&#xa;System info: host: &apos;S4KYDP6&apos;, ip: &apos;10.236.132.46&apos;, os.name: &apos;Windows 7&apos;, os.arch: &apos;x86&apos;, os.version: &apos;6.1&apos;, java.version: &apos;1.8.0_74&apos;&#xa;Driver info: driver.version: unknown" type="org.openqa.selenium.NoSuchFrameException">org.openqa.selenium.NoSuchFrameException: No frame element found by name or id gadget-0
Build info: version: &apos;2.53.0&apos;, revision: &apos;35ae25b&apos;, time: &apos;2016-03-15 16:57:40&apos;
System info: host: &apos;S4KYDP6&apos;, ip: &apos;10.236.132.46&apos;, os.name: &apos;Windows 7&apos;, os.arch: &apos;x86&apos;, os.version: &apos;6.1&apos;, java.version: &apos;1.8.0_74&apos;
Driver info: driver.version: unknown
	at org.openqa.selenium.remote.RemoteWebDriver$RemoteTargetLocator.frame(RemoteWebDriver.java:997)
	at CourseCatalog.CourseCatalogTemplate.Login(CourseCatalogTemplate.java:75)
	at CourseCatalog.StandardCourseCatalogCreation.CourseStandard(StandardCourseCatalogCreation.java:33)
	at CourseModificationRequest.StandardCourseModificationRequest.CourseModificationRequest(StandardCourseModificationRequest.java:30)
</error>

      </testcase>

      <system-out><![CDATA[]]></system-out>

      <system-err><![CDATA[]]></system-err>

  </testsuite>
  <testsuite errors="1" failures="0" hostname="S4KYDP6" id="7" name="ValidationCourseModificationRequest" package="CourseModificationRequest" tests="1" time="409.642" timestamp="2016-05-30T08:59:54">
      <properties>
[...]
</properties>

      <testcase classname="CourseModificationRequest.ValidationCourseModificationRequest" name="ValidateCourseModificationRequest" time="409.241">
          <error message="No frame element found by name or id gadget-0&#xa;Build info: version: &apos;2.53.0&apos;, revision: &apos;35ae25b&apos;, time: &apos;2016-03-15 16:57:40&apos;&#xa;System info: host: &apos;S4KYDP6&apos;, ip: &apos;10.236.132.46&apos;, os.name: &apos;Windows 7&apos;, os.arch: &apos;x86&apos;, os.version: &apos;6.1&apos;, java.version: &apos;1.8.0_74&apos;&#xa;Driver info: driver.version: unknown" type="org.openqa.selenium.NoSuchFrameException">org.openqa.selenium.NoSuchFrameException: No frame element found by name or id gadget-0
Build info: version: &apos;2.53.0&apos;, revision: &apos;35ae25b&apos;, time: &apos;2016-03-15 16:57:40&apos;
System info: host: &apos;S4KYDP6&apos;, ip: &apos;10.236.132.46&apos;, os.name: &apos;Windows 7&apos;, os.arch: &apos;x86&apos;, os.version: &apos;6.1&apos;, java.version: &apos;1.8.0_74&apos;
Driver info: driver.version: unknown
	at org.openqa.selenium.remote.RemoteWebDriver$RemoteTargetLocator.frame(RemoteWebDriver.java:997)
	at CourseCatalog.CourseCatalogTemplate.Login(CourseCatalogTemplate.java:75)
	at CourseCatalog.StandardCourseCatalogCreation.CourseStandard(StandardCourseCatalogCreation.java:33)
	at CourseModificationRequest.ValidationCourseModificationRequest.ValidateCourseModificationRequest(ValidationCourseModificationRequest.java:31)
</error>

      </testcase>

      <system-out><![CDATA[]]></system-out>

      <system-err><![CDATA[]]></system-err>

  </testsuite>
  <testsuite errors="1" failures="0" hostname="S4KYDP6" id="8" name="CustomTask" package="CustomTask" tests="1" time="0.0" timestamp="2016-05-30T10:20:26">
      <properties>
[...]
</properties>

      <error type="java.lang.ExceptionInInitializerError">java.lang.ExceptionInInitializerError
	at java.lang.Class.forName0(Native Method)
	at java.lang.Class.forName(Class.java:264)
Caused by: org.openqa.selenium.WebDriverException: Failed to connect to binary FirefoxBinary(C:\Users\C9854448\AppData\Local\Mozilla Firefox\firefox.exe) on port 7055; process output follows: 
 Firefox\\browser\\features\\loop@mozilla.org.xpi&quot;,&quot;installDate&quot;:1462532993549,&quot;updateDate&quot;:1462532993549,&quot;applyBackgroundUpdates&quot;:1,&quot;bootstrap&quot;:true,&quot;skinnable&quot;:false,&quot;size&quot;:4186053,&quot;sourceURI&quot;:null,&quot;releaseNotesURI&quot;:null,&quot;softDisabled&quot;:false,&quot;foreignInstall&quot;:false,&quot;hasBinaryComponents&quot;:false,&quot;strictCompatibility&quot;:false,&quot;locales&quot;:[],&quot;targetApplications&quot;:[{&quot;id&quot;:&quot;{ec8030f7-c20a-464f-9b0e-13a3a9e97384}&quot;,&quot;minVersion&quot;:&quot;46.0a1&quot;,&quot;maxVersion&quot;:&quot;46.*&quot;},{&quot;id&quot;:&quot;xpcshell@tests.mozilla.org&quot;,&quot;minVersion&quot;:&quot;0&quot;,&quot;maxVersion&quot;:&quot;10&quot;}],&quot;targetPlatforms&quot;:[],&quot;multiprocessCompatible&quot;:false,&quot;seen&quot;:true}
1464603600103	addons.xpi	DEBUG	getModTime: Recursive scan of loop@mozilla.org
1464603600104	addons.xpi	DEBUG	Updating XPIState for {&quot;id&quot;:&quot;{972ce4c6-7e08-4474-a285-3208198ce6fd}&quot;,&quot;syncGUID&quot;:&quot;x6ndYSpo-KOo&quot;,&quot;location&quot;:&quot;app-global&quot;,&quot;version&quot;:&quot;46.0.1&quot;,&quot;type&quot;:&quot;theme&quot;,&quot;internalName&quot;:&quot;classic/1.0&quot;,&quot;updateURL&quot;:null,&quot;updateKey&quot;:null,&quot;optionsURL&quot;:null,&quot;optionsType&quot;:null,&quot;aboutURL&quot;:null,&quot;icons&quot;:{&quot;32&quot;:&quot;icon.png&quot;,&quot;48&quot;:&quot;icon.png&quot;},&quot;iconURL&quot;:null,&quot;icon64URL&quot;:null,&quot;defaultLocale&quot;:{&quot;name&quot;:&quot;Default&quot;,&quot;description&quot;:&quot;The default theme.&quot;,&quot;creator&quot;:&quot;Mozilla&quot;,&quot;homepageURL&quot;:null,&quot;contributors&quot;:[&quot;Mozilla Contributors&quot;]},&quot;visible&quot;:true,&quot;active&quot;:true,&quot;userDisabled&quot;:false,&quot;appDisabled&quot;:false,&quot;descriptor&quot;:&quot;C:\\Users\\C9854448\\AppData\\Local\\Mozilla Firefox\\browser\\extensions\\{972ce4c6-7e08-4474-a285-3208198ce6fd}.xpi&quot;,&quot;installDate&quot;:1462532993659,&quot;updateDate&quot;:1462532993659,&quot;applyBackgroundUpdates&quot;:1,&quot;skinnable&quot;:true,&quot;size&quot;:22012,&quot;sourceURI&quot;:null,&quot;releaseNotesURI&quot;:null,&quot;softDisabled&quot;:false,&quot;foreignInstall&quot;:false,&quot;hasBinaryComponents&quot;:false,&quot;strictCompatibility&quot;:true,&quot;locales&quot;:[],&quot;targetApplications&quot;:[{&quot;id&quot;:&quot;{ec8030f7-c20a-464f-9b0e-13a3a9e97384}&quot;,&quot;minVersion&quot;:&quot;46.0.1&quot;,&quot;maxVersion&quot;:&quot;46.0.1&quot;}],&quot;targetPlatforms&quot;:[],&quot;seen&quot;:true}
1464603600104	addons.xpi	DEBUG	getModTime: Recursive scan of {972ce4c6-7e08-4474-a285-3208198ce6fd}
1464603600106	DeferredSave.extensions.json	DEBUG	Save changes
1464603600106	addons.xpi	DEBUG	Updating database with changes to installed add-ons
1464603600106	addons.xpi-utils	DEBUG	Updating add-on states
1464603600107	addons.xpi-utils	DEBUG	Writing add-ons list
1464603600498	addons.xpi	DEBUG	Registering manifest for C:\Users\C9854448\AppData\Local\Mozilla Firefox\browser\features\e10srollout@mozilla.org.xpi
1464603600499	addons.xpi	DEBUG	Calling bootstrap method startup on e10srollout@mozilla.org version 1.0
1464603600499	addons.xpi	DEBUG	Registering manifest for C:\Users\C9854448\AppData\Local\Mozilla Firefox\browser\features\firefox@getpocket.com.xpi
1464603600500	addons.xpi	DEBUG	Calling bootstrap method startup on firefox@getpocket.com version 1.0
1464603600501	addons.xpi	DEBUG	Registering manifest for C:\Users\C9854448\AppData\Local\Mozilla Firefox\browser\features\loop@mozilla.org.xpi
1464603600502	addons.xpi	DEBUG	Calling bootstrap method startup on loop@mozilla.org version 1.2.6
1464603600525	addons.manager	DEBUG	Registering shutdown blocker for XPIProvider
1464603600525	addons.manager	DEBUG	Provider finished startup: XPIProvider
1464603600525	addons.manager	DEBUG	Starting provider: LightweightThemeManager
1464603600525	addons.manager	DEBUG	Registering shutdown blocker for LightweightThemeManager
1464603600527	addons.manager	DEBUG	Provider finished startup: LightweightThemeManager
1464603600527	addons.manager	DEBUG	Starting provider: GMPProvider
1464603600534	addons.manager	DEBUG	Registering shutdown blocker for GMPProvider
1464603600534	addons.manager	DEBUG	Provider finished startup: GMPProvider
1464603600534	addons.manager	DEBUG	Starting provider: PluginProvider
1464603600535	addons.manager	DEBUG	Registering shutdown blocker for PluginProvider
1464603600535	addons.manager	DEBUG	Provider finished startup: PluginProvider
1464603600535	addons.manager	DEBUG	Completed startup sequence
1464603607467	addons.manager	DEBUG	Starting provider: &lt;unnamed-provider&gt;
1464603607468	addons.manager	DEBUG	Registering shutdown blocker for &lt;unnamed-provider&gt;
1464603607468	addons.manager	DEBUG	Provider finished startup: &lt;unnamed-provider&gt;

Build info: version: &apos;2.53.0&apos;, revision: &apos;35ae25b&apos;, time: &apos;2016-03-15 16:57:40&apos;
System info: host: &apos;S4KYDP6&apos;, ip: &apos;10.236.132.46&apos;, os.name: &apos;Windows 7&apos;, os.arch: &apos;x86&apos;, os.version: &apos;6.1&apos;, java.version: &apos;1.8.0_74&apos;
Driver info: driver.version: FirefoxDriver
	at org.openqa.selenium.firefox.internal.NewProfileExtensionConnection.start(NewProfileExtensionConnection.java:124)
	at org.openqa.selenium.firefox.FirefoxDriver.startClient(FirefoxDriver.java:271)
	at org.openqa.selenium.remote.RemoteWebDriver.&lt;init&gt;(RemoteWebDriver.java:119)
	at org.openqa.selenium.firefox.FirefoxDriver.&lt;init&gt;(FirefoxDriver.java:218)
	at org.openqa.selenium.firefox.FirefoxDriver.&lt;init&gt;(FirefoxDriver.java:211)
	at org.openqa.selenium.firefox.FirefoxDriver.&lt;init&gt;(FirefoxDriver.java:207)
	at org.openqa.selenium.firefox.FirefoxDriver.&lt;init&gt;(FirefoxDriver.java:120)
	at CourseCatalog.CourseCatalogTemplate.&lt;clinit&gt;(CourseCatalogTemplate.java:24)
Caused by: org.openqa.selenium.firefox.NotConnectedException: Unable to connect to host 127.0.0.1 on port 7055 after 45000 ms. Firefox console output:
 Firefox\\browser\\features\\loop@mozilla.org.xpi&quot;,&quot;installDate&quot;:1462532993549,&quot;updateDate&quot;:1462532993549,&quot;applyBackgroundUpdates&quot;:1,&quot;bootstrap&quot;:true,&quot;skinnable&quot;:false,&quot;size&quot;:4186053,&quot;sourceURI&quot;:null,&quot;releaseNotesURI&quot;:null,&quot;softDisabled&quot;:false,&quot;foreignInstall&quot;:false,&quot;hasBinaryComponents&quot;:false,&quot;strictCompatibility&quot;:false,&quot;locales&quot;:[],&quot;targetApplications&quot;:[{&quot;id&quot;:&quot;{ec8030f7-c20a-464f-9b0e-13a3a9e97384}&quot;,&quot;minVersion&quot;:&quot;46.0a1&quot;,&quot;maxVersion&quot;:&quot;46.*&quot;},{&quot;id&quot;:&quot;xpcshell@tests.mozilla.org&quot;,&quot;minVersion&quot;:&quot;0&quot;,&quot;maxVersion&quot;:&quot;10&quot;}],&quot;targetPlatforms&quot;:[],&quot;multiprocessCompatible&quot;:false,&quot;seen&quot;:true}
1464603600103	addons.xpi	DEBUG	getModTime: Recursive scan of loop@mozilla.org
1464603600104	addons.xpi	DEBUG	Updating XPIState for {&quot;id&quot;:&quot;{972ce4c6-7e08-4474-a285-3208198ce6fd}&quot;,&quot;syncGUID&quot;:&quot;x6ndYSpo-KOo&quot;,&quot;location&quot;:&quot;app-global&quot;,&quot;version&quot;:&quot;46.0.1&quot;,&quot;type&quot;:&quot;theme&quot;,&quot;internalName&quot;:&quot;classic/1.0&quot;,&quot;updateURL&quot;:null,&quot;updateKey&quot;:null,&quot;optionsURL&quot;:null,&quot;optionsType&quot;:null,&quot;aboutURL&quot;:null,&quot;icons&quot;:{&quot;32&quot;:&quot;icon.png&quot;,&quot;48&quot;:&quot;icon.png&quot;},&quot;iconURL&quot;:null,&quot;icon64URL&quot;:null,&quot;defaultLocale&quot;:{&quot;name&quot;:&quot;Default&quot;,&quot;description&quot;:&quot;The default theme.&quot;,&quot;creator&quot;:&quot;Mozilla&quot;,&quot;homepageURL&quot;:null,&quot;contributors&quot;:[&quot;Mozilla Contributors&quot;]},&quot;visible&quot;:true,&quot;active&quot;:true,&quot;userDisabled&quot;:false,&quot;appDisabled&quot;:false,&quot;descriptor&quot;:&quot;C:\\Users\\C9854448\\AppData\\Local\\Mozilla Firefox\\browser\\extensions\\{972ce4c6-7e08-4474-a285-3208198ce6fd}.xpi&quot;,&quot;installDate&quot;:1462532993659,&quot;updateDate&quot;:1462532993659,&quot;applyBackgroundUpdates&quot;:1,&quot;skinnable&quot;:true,&quot;size&quot;:22012,&quot;sourceURI&quot;:null,&quot;releaseNotesURI&quot;:null,&quot;softDisabled&quot;:false,&quot;foreignInstall&quot;:false,&quot;hasBinaryComponents&quot;:false,&quot;strictCompatibility&quot;:true,&quot;locales&quot;:[],&quot;targetApplications&quot;:[{&quot;id&quot;:&quot;{ec8030f7-c20a-464f-9b0e-13a3a9e97384}&quot;,&quot;minVersion&quot;:&quot;46.0.1&quot;,&quot;maxVersion&quot;:&quot;46.0.1&quot;}],&quot;targetPlatforms&quot;:[],&quot;seen&quot;:true}
1464603600104	addons.xpi	DEBUG	getModTime: Recursive scan of {972ce4c6-7e08-4474-a285-3208198ce6fd}
1464603600106	DeferredSave.extensions.json	DEBUG	Save changes
1464603600106	addons.xpi	DEBUG	Updating database with changes to installed add-ons
1464603600106	addons.xpi-utils	DEBUG	Updating add-on states
1464603600107	addons.xpi-utils	DEBUG	Writing add-ons list
1464603600498	addons.xpi	DEBUG	Registering manifest for C:\Users\C9854448\AppData\Local\Mozilla Firefox\browser\features\e10srollout@mozilla.org.xpi
1464603600499	addons.xpi	DEBUG	Calling bootstrap method startup on e10srollout@mozilla.org version 1.0
1464603600499	addons.xpi	DEBUG	Registering manifest for C:\Users\C9854448\AppData\Local\Mozilla Firefox\browser\features\firefox@getpocket.com.xpi
1464603600500	addons.xpi	DEBUG	Calling bootstrap method startup on firefox@getpocket.com version 1.0
1464603600501	addons.xpi	DEBUG	Registering manifest for C:\Users\C9854448\AppData\Local\Mozilla Firefox\browser\features\loop@mozilla.org.xpi
1464603600502	addons.xpi	DEBUG	Calling bootstrap method startup on loop@mozilla.org version 1.2.6
1464603600525	addons.manager	DEBUG	Registering shutdown blocker for XPIProvider
1464603600525	addons.manager	DEBUG	Provider finished startup: XPIProvider
1464603600525	addons.manager	DEBUG	Starting provider: LightweightThemeManager
1464603600525	addons.manager	DEBUG	Registering shutdown blocker for LightweightThemeManager
1464603600527	addons.manager	DEBUG	Provider finished startup: LightweightThemeManager
1464603600527	addons.manager	DEBUG	Starting provider: GMPProvider
1464603600534	addons.manager	DEBUG	Registering shutdown blocker for GMPProvider
1464603600534	addons.manager	DEBUG	Provider finished startup: GMPProvider
1464603600534	addons.manager	DEBUG	Starting provider: PluginProvider
1464603600535	addons.manager	DEBUG	Registering shutdown blocker for PluginProvider
1464603600535	addons.manager	DEBUG	Provider finished startup: PluginProvider
1464603600535	addons.manager	DEBUG	Completed startup sequence
1464603607467	addons.manager	DEBUG	Starting provider: &lt;unnamed-provider&gt;
1464603607468	addons.manager	DEBUG	Registering shutdown blocker for &lt;unnamed-provider&gt;
1464603607468	addons.manager	DEBUG	Provider finished startup: &lt;unnamed-provider&gt;

	at org.openqa.selenium.firefox.internal.NewProfileExtensionConnection.start(NewProfileExtensionConnection.java:112)
</error>

      <system-out><![CDATA[]]></system-out>

      <system-err><![CDATA[org.openqa.selenium.firefox.NotConnectedException: Unable to connect to host 127.0.0.1 on port 7055 after 45000 ms. Firefox console output:
 Firefox\\browser\\features\\loop@mozilla.org.xpi","installDate":1462532993549,"updateDate":1462532993549,"applyBackgroundUpdates":1,"bootstrap":true,"skinnable":false,"size":4186053,"sourceURI":null,"releaseNotesURI":null,"softDisabled":false,"foreignInstall":false,"hasBinaryComponents":false,"strictCompatibility":false,"locales":[],"targetApplications":[{"id":"{ec8030f7-c20a-464f-9b0e-13a3a9e97384}","minVersion":"46.0a1","maxVersion":"46.*"},{"id":"xpcshell@tests.mozilla.org","minVersion":"0","maxVersion":"10"}],"targetPlatforms":[],"multiprocessCompatible":false,"seen":true}
1464603600103	addons.xpi	DEBUG	getModTime: Recursive scan of loop@mozilla.org
1464603600104	addons.xpi	DEBUG	Updating XPIState for {"id":"{972ce4c6-7e08-4474-a285-3208198ce6fd}","syncGUID":"x6ndYSpo-KOo","location":"app-global","version":"46.0.1","type":"theme","internalName":"classic/1.0","updateURL":null,"updateKey":null,"optionsURL":null,"optionsType":null,"aboutURL":null,"icons":{"32":"icon.png","48":"icon.png"},"iconURL":null,"icon64URL":null,"defaultLocale":{"name":"Default","description":"The default theme.","creator":"Mozilla","homepageURL":null,"contributors":["Mozilla Contributors"]},"visible":true,"active":true,"userDisabled":false,"appDisabled":false,"descriptor":"C:\\Users\\C9854448\\AppData\\Local\\Mozilla Firefox\\browser\\extensions\\{972ce4c6-7e08-4474-a285-3208198ce6fd}.xpi","installDate":1462532993659,"updateDate":1462532993659,"applyBackgroundUpdates":1,"skinnable":true,"size":22012,"sourceURI":null,"releaseNotesURI":null,"softDisabled":false,"foreignInstall":false,"hasBinaryComponents":false,"strictCompatibility":true,"locales":[],"targetApplications":[{"id":"{ec8030f7-c20a-464f-9b0e-13a3a9e97384}","minVersion":"46.0.1","maxVersion":"46.0.1"}],"targetPlatforms":[],"seen":true}
1464603600104	addons.xpi	DEBUG	getModTime: Recursive scan of {972ce4c6-7e08-4474-a285-3208198ce6fd}
1464603600106	DeferredSave.extensions.json	DEBUG	Save changes
1464603600106	addons.xpi	DEBUG	Updating database with changes to installed add-ons
1464603600106	addons.xpi-utils	DEBUG	Updating add-on states
1464603600107	addons.xpi-utils	DEBUG	Writing add-ons list
1464603600498	addons.xpi	DEBUG	Registering manifest for C:\Users\C9854448\AppData\Local\Mozilla Firefox\browser\features\e10srollout@mozilla.org.xpi
1464603600499	addons.xpi	DEBUG	Calling bootstrap method startup on e10srollout@mozilla.org version 1.0
1464603600499	addons.xpi	DEBUG	Registering manifest for C:\Users\C9854448\AppData\Local\Mozilla Firefox\browser\features\firefox@getpocket.com.xpi
1464603600500	addons.xpi	DEBUG	Calling bootstrap method startup on firefox@getpocket.com version 1.0
1464603600501	addons.xpi	DEBUG	Registering manifest for C:\Users\C9854448\AppData\Local\Mozilla Firefox\browser\features\loop@mozilla.org.xpi
1464603600502	addons.xpi	DEBUG	Calling bootstrap method startup on loop@mozilla.org version 1.2.6
1464603600525	addons.manager	DEBUG	Registering shutdown blocker for XPIProvider
1464603600525	addons.manager	DEBUG	Provider finished startup: XPIProvider
1464603600525	addons.manager	DEBUG	Starting provider: LightweightThemeManager
1464603600525	addons.manager	DEBUG	Registering shutdown blocker for LightweightThemeManager
1464603600527	addons.manager	DEBUG	Provider finished startup: LightweightThemeManager
1464603600527	addons.manager	DEBUG	Starting provider: GMPProvider
1464603600534	addons.manager	DEBUG	Registering shutdown blocker for GMPProvider
1464603600534	addons.manager	DEBUG	Provider finished startup: GMPProvider
1464603600534	addons.manager	DEBUG	Starting provider: PluginProvider
1464603600535	addons.manager	DEBUG	Registering shutdown blocker for PluginProvider
1464603600535	addons.manager	DEBUG	Provider finished startup: PluginProvider
1464603600535	addons.manager	DEBUG	Completed startup sequence
1464603607467	addons.manager	DEBUG	Starting provider: <unnamed-provider>
1464603607468	addons.manager	DEBUG	Registering shutdown blocker for <unnamed-provider>
1464603607468	addons.manager	DEBUG	Provider finished startup: <unnamed-provider>

	at org.openqa.selenium.firefox.internal.NewProfileExtensionConnection.start(NewProfileExtensionConnection.java:112)
	at org.openqa.selenium.firefox.FirefoxDriver.startClient(FirefoxDriver.java:271)
	at org.openqa.selenium.remote.RemoteWebDriver.<init>(RemoteWebDriver.java:119)
	at org.openqa.selenium.firefox.FirefoxDriver.<init>(FirefoxDriver.java:218)
	at org.openqa.selenium.firefox.FirefoxDriver.<init>(FirefoxDriver.java:211)
	at org.openqa.selenium.firefox.FirefoxDriver.<init>(FirefoxDriver.java:207)
	at org.openqa.selenium.firefox.FirefoxDriver.<init>(FirefoxDriver.java:120)
	at CourseCatalog.CourseCatalogTemplate.<clinit>(CourseCatalogTemplate.java:24)
	at java.lang.Class.forName0(Native Method)
	at java.lang.Class.forName(Class.java:264)
	at org.apache.tools.ant.taskdefs.optional.junit.JUnitTestRunner.run(JUnitTestRunner.java:374)
	at org.apache.tools.ant.taskdefs.optional.junit.JUnitTestRunner.launch(JUnitTestRunner.java:1060)
	at org.apache.tools.ant.taskdefs.optional.junit.JUnitTestRunner.main(JUnitTestRunner.java:911)
]]></system-err>

  </testsuite>
  <testsuite errors="1" failures="0" hostname="S4KYDP6" id="9" name="SessionCatalogCancellation" package="SessionCatalog" tests="1" time="0.0" timestamp="2016-05-30T10:30:33">
      <properties>
[...]
</properties>

      <error type="java.lang.ExceptionInInitializerError">java.lang.ExceptionInInitializerError
	at java.lang.Class.forName0(Native Method)
	at java.lang.Class.forName(Class.java:264)
Caused by: org.openqa.selenium.WebDriverException: Failed to connect to binary FirefoxBinary(C:\Users\C9854448\AppData\Local\Mozilla Firefox\firefox.exe) on port 7055; process output follows: 
la.org&quot;,&quot;minVersion&quot;:&quot;0&quot;,&quot;maxVersion&quot;:&quot;10&quot;}],&quot;targetPlatforms&quot;:[],&quot;multiprocessCompatible&quot;:false,&quot;seen&quot;:true}
1464604205213	addons.xpi	DEBUG	getModTime: Recursive scan of loop@mozilla.org
1464604205214	addons.xpi	DEBUG	Updating XPIState for {&quot;id&quot;:&quot;{972ce4c6-7e08-4474-a285-3208198ce6fd}&quot;,&quot;syncGUID&quot;:&quot;cNmMa94_kV_j&quot;,&quot;location&quot;:&quot;app-global&quot;,&quot;version&quot;:&quot;46.0.1&quot;,&quot;type&quot;:&quot;theme&quot;,&quot;internalName&quot;:&quot;classic/1.0&quot;,&quot;updateURL&quot;:null,&quot;updateKey&quot;:null,&quot;optionsURL&quot;:null,&quot;optionsType&quot;:null,&quot;aboutURL&quot;:null,&quot;icons&quot;:{&quot;32&quot;:&quot;icon.png&quot;,&quot;48&quot;:&quot;icon.png&quot;},&quot;iconURL&quot;:null,&quot;icon64URL&quot;:null,&quot;defaultLocale&quot;:{&quot;name&quot;:&quot;Default&quot;,&quot;description&quot;:&quot;The default theme.&quot;,&quot;creator&quot;:&quot;Mozilla&quot;,&quot;homepageURL&quot;:null,&quot;contributors&quot;:[&quot;Mozilla Contributors&quot;]},&quot;visible&quot;:true,&quot;active&quot;:true,&quot;userDisabled&quot;:false,&quot;appDisabled&quot;:false,&quot;descriptor&quot;:&quot;C:\\Users\\C9854448\\AppData\\Local\\Mozilla Firefox\\browser\\extensions\\{972ce4c6-7e08-4474-a285-3208198ce6fd}.xpi&quot;,&quot;installDate&quot;:1462532993659,&quot;updateDate&quot;:1462532993659,&quot;applyBackgroundUpdates&quot;:1,&quot;skinnable&quot;:true,&quot;size&quot;:22012,&quot;sourceURI&quot;:null,&quot;releaseNotesURI&quot;:null,&quot;softDisabled&quot;:false,&quot;foreignInstall&quot;:false,&quot;hasBinaryComponents&quot;:false,&quot;strictCompatibility&quot;:true,&quot;locales&quot;:[],&quot;targetApplications&quot;:[{&quot;id&quot;:&quot;{ec8030f7-c20a-464f-9b0e-13a3a9e97384}&quot;,&quot;minVersion&quot;:&quot;46.0.1&quot;,&quot;maxVersion&quot;:&quot;46.0.1&quot;}],&quot;targetPlatforms&quot;:[],&quot;seen&quot;:true}
1464604205214	addons.xpi	DEBUG	getModTime: Recursive scan of {972ce4c6-7e08-4474-a285-3208198ce6fd}
1464604205216	DeferredSave.extensions.json	DEBUG	Save changes
1464604205217	addons.xpi	DEBUG	Updating database with changes to installed add-ons
1464604205217	addons.xpi-utils	DEBUG	Updating add-on states
1464604205218	addons.xpi-utils	DEBUG	Writing add-ons list
1464604205729	addons.xpi	DEBUG	Registering manifest for C:\Users\C9854448\AppData\Local\Mozilla Firefox\browser\features\e10srollout@mozilla.org.xpi
1464604205730	addons.xpi	DEBUG	Calling bootstrap method startup on e10srollout@mozilla.org version 1.0
1464604205730	addons.xpi	DEBUG	Registering manifest for C:\Users\C9854448\AppData\Local\Mozilla Firefox\browser\features\firefox@getpocket.com.xpi
1464604205731	addons.xpi	DEBUG	Calling bootstrap method startup on firefox@getpocket.com version 1.0
1464604205732	addons.xpi	DEBUG	Registering manifest for C:\Users\C9854448\AppData\Local\Mozilla Firefox\browser\features\loop@mozilla.org.xpi
1464604205734	addons.xpi	DEBUG	Calling bootstrap method startup on loop@mozilla.org version 1.2.6
1464604205915	addons.manager	DEBUG	Registering shutdown blocker for XPIProvider
1464604205916	addons.manager	DEBUG	Provider finished startup: XPIProvider
1464604205916	addons.manager	DEBUG	Starting provider: LightweightThemeManager
1464604205916	addons.manager	DEBUG	Registering shutdown blocker for LightweightThemeManager
1464604205916	addons.manager	DEBUG	Provider finished startup: LightweightThemeManager
1464604205917	addons.manager	DEBUG	Starting provider: GMPProvider
1464604205950	addons.manager	DEBUG	Registering shutdown blocker for GMPProvider
1464604205951	addons.manager	DEBUG	Provider finished startup: GMPProvider
1464604205951	addons.manager	DEBUG	Starting provider: PluginProvider
1464604205951	addons.manager	DEBUG	Registering shutdown blocker for PluginProvider
1464604205951	addons.manager	DEBUG	Provider finished startup: PluginProvider
1464604205952	addons.manager	DEBUG	Completed startup sequence
1464604218872	addons.manager	DEBUG	Starting provider: &lt;unnamed-provider&gt;
1464604218872	addons.manager	DEBUG	Registering shutdown blocker for &lt;unnamed-provider&gt;
1464604218872	addons.manager	DEBUG	Provider finished startup: &lt;unnamed-provider&gt;
1464604224511	DeferredSave.extensions.json	DEBUG	Write succeeded
1464604224511	addons.xpi-utils	DEBUG	XPI Database saved, setting schema version preference to 17
1464604224511	DeferredSave.extensions.json	DEBUG	Starting timer
1464604224533	DeferredSave.extensions.json	DEBUG	Starting write
1464604224534	addons.repository	DEBUG	No addons.json found.
1464604224535	DeferredSave.addons.json	DEBUG	Save changes
1464604224597	DeferredSave.addons.json	DEBUG	Starting timer

Build info: version: &apos;2.53.0&apos;, revision: &apos;35ae25b&apos;, time: &apos;2016-03-15 16:57:40&apos;
System info: host: &apos;S4KYDP6&apos;, ip: &apos;10.236.132.46&apos;, os.name: &apos;Windows 7&apos;, os.arch: &apos;x86&apos;, os.version: &apos;6.1&apos;, java.version: &apos;1.8.0_74&apos;
Driver info: driver.version: FirefoxDriver
	at org.openqa.selenium.firefox.internal.NewProfileExtensionConnection.start(NewProfileExtensionConnection.java:124)
	at org.openqa.selenium.firefox.FirefoxDriver.startClient(FirefoxDriver.java:271)
	at org.openqa.selenium.remote.RemoteWebDriver.&lt;init&gt;(RemoteWebDriver.java:119)
	at org.openqa.selenium.firefox.FirefoxDriver.&lt;init&gt;(FirefoxDriver.java:218)
	at org.openqa.selenium.firefox.FirefoxDriver.&lt;init&gt;(FirefoxDriver.java:211)
	at org.openqa.selenium.firefox.FirefoxDriver.&lt;init&gt;(FirefoxDriver.java:207)
	at org.openqa.selenium.firefox.FirefoxDriver.&lt;init&gt;(FirefoxDriver.java:120)
	at CourseCatalog.CourseCatalogTemplate.&lt;clinit&gt;(CourseCatalogTemplate.java:24)
Caused by: org.openqa.selenium.firefox.NotConnectedException: Unable to connect to host 127.0.0.1 on port 7055 after 45000 ms. Firefox console output:
la.org&quot;,&quot;minVersion&quot;:&quot;0&quot;,&quot;maxVersion&quot;:&quot;10&quot;}],&quot;targetPlatforms&quot;:[],&quot;multiprocessCompatible&quot;:false,&quot;seen&quot;:true}
1464604205213	addons.xpi	DEBUG	getModTime: Recursive scan of loop@mozilla.org
1464604205214	addons.xpi	DEBUG	Updating XPIState for {&quot;id&quot;:&quot;{972ce4c6-7e08-4474-a285-3208198ce6fd}&quot;,&quot;syncGUID&quot;:&quot;cNmMa94_kV_j&quot;,&quot;location&quot;:&quot;app-global&quot;,&quot;version&quot;:&quot;46.0.1&quot;,&quot;type&quot;:&quot;theme&quot;,&quot;internalName&quot;:&quot;classic/1.0&quot;,&quot;updateURL&quot;:null,&quot;updateKey&quot;:null,&quot;optionsURL&quot;:null,&quot;optionsType&quot;:null,&quot;aboutURL&quot;:null,&quot;icons&quot;:{&quot;32&quot;:&quot;icon.png&quot;,&quot;48&quot;:&quot;icon.png&quot;},&quot;iconURL&quot;:null,&quot;icon64URL&quot;:null,&quot;defaultLocale&quot;:{&quot;name&quot;:&quot;Default&quot;,&quot;description&quot;:&quot;The default theme.&quot;,&quot;creator&quot;:&quot;Mozilla&quot;,&quot;homepageURL&quot;:null,&quot;contributors&quot;:[&quot;Mozilla Contributors&quot;]},&quot;visible&quot;:true,&quot;active&quot;:true,&quot;userDisabled&quot;:false,&quot;appDisabled&quot;:false,&quot;descriptor&quot;:&quot;C:\\Users\\C9854448\\AppData\\Local\\Mozilla Firefox\\browser\\extensions\\{972ce4c6-7e08-4474-a285-3208198ce6fd}.xpi&quot;,&quot;installDate&quot;:1462532993659,&quot;updateDate&quot;:1462532993659,&quot;applyBackgroundUpdates&quot;:1,&quot;skinnable&quot;:true,&quot;size&quot;:22012,&quot;sourceURI&quot;:null,&quot;releaseNotesURI&quot;:null,&quot;softDisabled&quot;:false,&quot;foreignInstall&quot;:false,&quot;hasBinaryComponents&quot;:false,&quot;strictCompatibility&quot;:true,&quot;locales&quot;:[],&quot;targetApplications&quot;:[{&quot;id&quot;:&quot;{ec8030f7-c20a-464f-9b0e-13a3a9e97384}&quot;,&quot;minVersion&quot;:&quot;46.0.1&quot;,&quot;maxVersion&quot;:&quot;46.0.1&quot;}],&quot;targetPlatforms&quot;:[],&quot;seen&quot;:true}
1464604205214	addons.xpi	DEBUG	getModTime: Recursive scan of {972ce4c6-7e08-4474-a285-3208198ce6fd}
1464604205216	DeferredSave.extensions.json	DEBUG	Save changes
1464604205217	addons.xpi	DEBUG	Updating database with changes to installed add-ons
1464604205217	addons.xpi-utils	DEBUG	Updating add-on states
1464604205218	addons.xpi-utils	DEBUG	Writing add-ons list
1464604205729	addons.xpi	DEBUG	Registering manifest for C:\Users\C9854448\AppData\Local\Mozilla Firefox\browser\features\e10srollout@mozilla.org.xpi
1464604205730	addons.xpi	DEBUG	Calling bootstrap method startup on e10srollout@mozilla.org version 1.0
1464604205730	addons.xpi	DEBUG	Registering manifest for C:\Users\C9854448\AppData\Local\Mozilla Firefox\browser\features\firefox@getpocket.com.xpi
1464604205731	addons.xpi	DEBUG	Calling bootstrap method startup on firefox@getpocket.com version 1.0
1464604205732	addons.xpi	DEBUG	Registering manifest for C:\Users\C9854448\AppData\Local\Mozilla Firefox\browser\features\loop@mozilla.org.xpi
1464604205734	addons.xpi	DEBUG	Calling bootstrap method startup on loop@mozilla.org version 1.2.6
1464604205915	addons.manager	DEBUG	Registering shutdown blocker for XPIProvider
1464604205916	addons.manager	DEBUG	Provider finished startup: XPIProvider
1464604205916	addons.manager	DEBUG	Starting provider: LightweightThemeManager
1464604205916	addons.manager	DEBUG	Registering shutdown blocker for LightweightThemeManager
1464604205916	addons.manager	DEBUG	Provider finished startup: LightweightThemeManager
1464604205917	addons.manager	DEBUG	Starting provider: GMPProvider
1464604205950	addons.manager	DEBUG	Registering shutdown blocker for GMPProvider
1464604205951	addons.manager	DEBUG	Provider finished startup: GMPProvider
1464604205951	addons.manager	DEBUG	Starting provider: PluginProvider
1464604205951	addons.manager	DEBUG	Registering shutdown blocker for PluginProvider
1464604205951	addons.manager	DEBUG	Provider finished startup: PluginProvider
1464604205952	addons.manager	DEBUG	Completed startup sequence
1464604218872	addons.manager	DEBUG	Starting provider: &lt;unnamed-provider&gt;
1464604218872	addons.manager	DEBUG	Registering shutdown blocker for &lt;unnamed-provider&gt;
1464604218872	addons.manager	DEBUG	Provider finished startup: &lt;unnamed-provider&gt;
1464604224511	DeferredSave.extensions.json	DEBUG	Write succeeded
1464604224511	addons.xpi-utils	DEBUG	XPI Database saved, setting schema version preference to 17
1464604224511	DeferredSave.extensions.json	DEBUG	Starting timer
1464604224533	DeferredSave.extensions.json	DEBUG	Starting write
1464604224534	addons.repository	DEBUG	No addons.json found.
1464604224535	DeferredSave.addons.json	DEBUG	Save changes
1464604224597	DeferredSave.addons.json	DEBUG	Starting timer

	at org.openqa.selenium.firefox.internal.NewProfileExtensionConnection.start(NewProfileExtensionConnection.java:112)
</error>

      <system-out><![CDATA[]]></system-out>

      <system-err><![CDATA[org.openqa.selenium.firefox.NotConnectedException: Unable to connect to host 127.0.0.1 on port 7055 after 45000 ms. Firefox console output:
la.org","minVersion":"0","maxVersion":"10"}],"targetPlatforms":[],"multiprocessCompatible":false,"seen":true}
1464604205213	addons.xpi	DEBUG	getModTime: Recursive scan of loop@mozilla.org
1464604205214	addons.xpi	DEBUG	Updating XPIState for {"id":"{972ce4c6-7e08-4474-a285-3208198ce6fd}","syncGUID":"cNmMa94_kV_j","location":"app-global","version":"46.0.1","type":"theme","internalName":"classic/1.0","updateURL":null,"updateKey":null,"optionsURL":null,"optionsType":null,"aboutURL":null,"icons":{"32":"icon.png","48":"icon.png"},"iconURL":null,"icon64URL":null,"defaultLocale":{"name":"Default","description":"The default theme.","creator":"Mozilla","homepageURL":null,"contributors":["Mozilla Contributors"]},"visible":true,"active":true,"userDisabled":false,"appDisabled":false,"descriptor":"C:\\Users\\C9854448\\AppData\\Local\\Mozilla Firefox\\browser\\extensions\\{972ce4c6-7e08-4474-a285-3208198ce6fd}.xpi","installDate":1462532993659,"updateDate":1462532993659,"applyBackgroundUpdates":1,"skinnable":true,"size":22012,"sourceURI":null,"releaseNotesURI":null,"softDisabled":false,"foreignInstall":false,"hasBinaryComponents":false,"strictCompatibility":true,"locales":[],"targetApplications":[{"id":"{ec8030f7-c20a-464f-9b0e-13a3a9e97384}","minVersion":"46.0.1","maxVersion":"46.0.1"}],"targetPlatforms":[],"seen":true}
1464604205214	addons.xpi	DEBUG	getModTime: Recursive scan of {972ce4c6-7e08-4474-a285-3208198ce6fd}
1464604205216	DeferredSave.extensions.json	DEBUG	Save changes
1464604205217	addons.xpi	DEBUG	Updating database with changes to installed add-ons
1464604205217	addons.xpi-utils	DEBUG	Updating add-on states
1464604205218	addons.xpi-utils	DEBUG	Writing add-ons list
1464604205729	addons.xpi	DEBUG	Registering manifest for C:\Users\C9854448\AppData\Local\Mozilla Firefox\browser\features\e10srollout@mozilla.org.xpi
1464604205730	addons.xpi	DEBUG	Calling bootstrap method startup on e10srollout@mozilla.org version 1.0
1464604205730	addons.xpi	DEBUG	Registering manifest for C:\Users\C9854448\AppData\Local\Mozilla Firefox\browser\features\firefox@getpocket.com.xpi
1464604205731	addons.xpi	DEBUG	Calling bootstrap method startup on firefox@getpocket.com version 1.0
1464604205732	addons.xpi	DEBUG	Registering manifest for C:\Users\C9854448\AppData\Local\Mozilla Firefox\browser\features\loop@mozilla.org.xpi
1464604205734	addons.xpi	DEBUG	Calling bootstrap method startup on loop@mozilla.org version 1.2.6
1464604205915	addons.manager	DEBUG	Registering shutdown blocker for XPIProvider
1464604205916	addons.manager	DEBUG	Provider finished startup: XPIProvider
1464604205916	addons.manager	DEBUG	Starting provider: LightweightThemeManager
1464604205916	addons.manager	DEBUG	Registering shutdown blocker for LightweightThemeManager
1464604205916	addons.manager	DEBUG	Provider finished startup: LightweightThemeManager
1464604205917	addons.manager	DEBUG	Starting provider: GMPProvider
1464604205950	addons.manager	DEBUG	Registering shutdown blocker for GMPProvider
1464604205951	addons.manager	DEBUG	Provider finished startup: GMPProvider
1464604205951	addons.manager	DEBUG	Starting provider: PluginProvider
1464604205951	addons.manager	DEBUG	Registering shutdown blocker for PluginProvider
1464604205951	addons.manager	DEBUG	Provider finished startup: PluginProvider
1464604205952	addons.manager	DEBUG	Completed startup sequence
1464604218872	addons.manager	DEBUG	Starting provider: <unnamed-provider>
1464604218872	addons.manager	DEBUG	Registering shutdown blocker for <unnamed-provider>
1464604218872	addons.manager	DEBUG	Provider finished startup: <unnamed-provider>
1464604224511	DeferredSave.extensions.json	DEBUG	Write succeeded
1464604224511	addons.xpi-utils	DEBUG	XPI Database saved, setting schema version preference to 17
1464604224511	DeferredSave.extensions.json	DEBUG	Starting timer
1464604224533	DeferredSave.extensions.json	DEBUG	Starting write
1464604224534	addons.repository	DEBUG	No addons.json found.
1464604224535	DeferredSave.addons.json	DEBUG	Save changes
1464604224597	DeferredSave.addons.json	DEBUG	Starting timer

	at org.openqa.selenium.firefox.internal.NewProfileExtensionConnection.start(NewProfileExtensionConnection.java:112)
	at org.openqa.selenium.firefox.FirefoxDriver.startClient(FirefoxDriver.java:271)
	at org.openqa.selenium.remote.RemoteWebDriver.<init>(RemoteWebDriver.java:119)
	at org.openqa.selenium.firefox.FirefoxDriver.<init>(FirefoxDriver.java:218)
	at org.openqa.selenium.firefox.FirefoxDriver.<init>(FirefoxDriver.java:211)
	at org.openqa.selenium.firefox.FirefoxDriver.<init>(FirefoxDriver.java:207)
	at org.openqa.selenium.firefox.FirefoxDriver.<init>(FirefoxDriver.java:120)
	at CourseCatalog.CourseCatalogTemplate.<clinit>(CourseCatalogTemplate.java:24)
	at java.lang.Class.forName0(Native Method)
	at java.lang.Class.forName(Class.java:264)
	at org.apache.tools.ant.taskdefs.optional.junit.JUnitTestRunner.run(JUnitTestRunner.java:374)
	at org.apache.tools.ant.taskdefs.optional.junit.JUnitTestRunner.launch(JUnitTestRunner.java:1060)
	at org.apache.tools.ant.taskdefs.optional.junit.JUnitTestRunner.main(JUnitTestRunner.java:911)
]]></system-err>

  </testsuite>
  <testsuite errors="1" failures="0" hostname="S4KYDP6" id="10" name="SessionCatalogCompleted" package="SessionCatalog" tests="1" time="410.04" timestamp="2016-05-30T08:51:49">
      <properties>
[...]
</properties>

      <testcase classname="SessionCatalog.SessionCatalogCompleted" name="ExecutionSession" time="410.016">
          <error message="No frame element found by name or id gadget-0&#xa;Build info: version: &apos;2.53.0&apos;, revision: &apos;35ae25b&apos;, time: &apos;2016-03-15 16:57:40&apos;&#xa;System info: host: &apos;S4KYDP6&apos;, ip: &apos;10.236.132.46&apos;, os.name: &apos;Windows 7&apos;, os.arch: &apos;x86&apos;, os.version: &apos;6.1&apos;, java.version: &apos;1.8.0_74&apos;&#xa;Driver info: driver.version: unknown" type="org.openqa.selenium.NoSuchFrameException">org.openqa.selenium.NoSuchFrameException: No frame element found by name or id gadget-0
Build info: version: &apos;2.53.0&apos;, revision: &apos;35ae25b&apos;, time: &apos;2016-03-15 16:57:40&apos;
System info: host: &apos;S4KYDP6&apos;, ip: &apos;10.236.132.46&apos;, os.name: &apos;Windows 7&apos;, os.arch: &apos;x86&apos;, os.version: &apos;6.1&apos;, java.version: &apos;1.8.0_74&apos;
Driver info: driver.version: unknown
	at org.openqa.selenium.remote.RemoteWebDriver$RemoteTargetLocator.frame(RemoteWebDriver.java:997)
	at CourseCatalog.CourseCatalogTemplate.Login(CourseCatalogTemplate.java:75)
	at CourseCatalog.StandardCourseCatalogCreation.CourseStandard(StandardCourseCatalogCreation.java:33)
	at SessionCatalog.SessionCatalogCompleted.SessionCatalogCompletedExecution(SessionCatalogCompleted.java:33)
	at SessionCatalog.SessionCatalogCompleted.ExecutionSession(SessionCatalogCompleted.java:26)
</error>

      </testcase>

      <system-out><![CDATA[]]></system-out>

      <system-err><![CDATA[]]></system-err>

  </testsuite>
  <testsuite errors="1" failures="0" hostname="S4KYDP6" id="11" name="SessionModificationRequest" package="SessionCatalog" tests="1" time="0.0" timestamp="2016-05-30T09:32:22">
      <properties>
[...]
</properties>

      <error type="java.lang.ExceptionInInitializerError">java.lang.ExceptionInInitializerError
	at java.lang.Class.forName0(Native Method)
	at java.lang.Class.forName(Class.java:264)
Caused by: org.openqa.selenium.WebDriverException: Failed to connect to binary FirefoxBinary(C:\Users\C9854448\AppData\Local\Mozilla Firefox\firefox.exe) on port 7055; process output follows: 
aultLocale&quot;:{&quot;name&quot;:&quot;Firefox Hello&quot;,&quot;description&quot;:&quot;Web sharing for Firefox&quot;,&quot;creator&quot;:&quot;Mozilla&quot;,&quot;homepageURL&quot;:null},&quot;visible&quot;:true,&quot;active&quot;:true,&quot;userDisabled&quot;:false,&quot;appDisabled&quot;:false,&quot;descriptor&quot;:&quot;C:\\Users\\C9854448\\AppData\\Local\\Mozilla Firefox\\browser\\features\\loop@mozilla.org.xpi&quot;,&quot;installDate&quot;:1462532993549,&quot;updateDate&quot;:1462532993549,&quot;applyBackgroundUpdates&quot;:1,&quot;bootstrap&quot;:true,&quot;skinnable&quot;:false,&quot;size&quot;:4186053,&quot;sourceURI&quot;:null,&quot;releaseNotesURI&quot;:null,&quot;softDisabled&quot;:false,&quot;foreignInstall&quot;:false,&quot;hasBinaryComponents&quot;:false,&quot;strictCompatibility&quot;:false,&quot;locales&quot;:[],&quot;targetApplications&quot;:[{&quot;id&quot;:&quot;{ec8030f7-c20a-464f-9b0e-13a3a9e97384}&quot;,&quot;minVersion&quot;:&quot;46.0a1&quot;,&quot;maxVersion&quot;:&quot;46.*&quot;},{&quot;id&quot;:&quot;xpcshell@tests.mozilla.org&quot;,&quot;minVersion&quot;:&quot;0&quot;,&quot;maxVersion&quot;:&quot;10&quot;}],&quot;targetPlatforms&quot;:[],&quot;multiprocessCompatible&quot;:false,&quot;seen&quot;:true}
1464600724197	addons.xpi	DEBUG	getModTime: Recursive scan of loop@mozilla.org
1464600724198	addons.xpi	DEBUG	Updating XPIState for {&quot;id&quot;:&quot;{972ce4c6-7e08-4474-a285-3208198ce6fd}&quot;,&quot;syncGUID&quot;:&quot;nLNDUggH-l32&quot;,&quot;location&quot;:&quot;app-global&quot;,&quot;version&quot;:&quot;46.0.1&quot;,&quot;type&quot;:&quot;theme&quot;,&quot;internalName&quot;:&quot;classic/1.0&quot;,&quot;updateURL&quot;:null,&quot;updateKey&quot;:null,&quot;optionsURL&quot;:null,&quot;optionsType&quot;:null,&quot;aboutURL&quot;:null,&quot;icons&quot;:{&quot;32&quot;:&quot;icon.png&quot;,&quot;48&quot;:&quot;icon.png&quot;},&quot;iconURL&quot;:null,&quot;icon64URL&quot;:null,&quot;defaultLocale&quot;:{&quot;name&quot;:&quot;Default&quot;,&quot;description&quot;:&quot;The default theme.&quot;,&quot;creator&quot;:&quot;Mozilla&quot;,&quot;homepageURL&quot;:null,&quot;contributors&quot;:[&quot;Mozilla Contributors&quot;]},&quot;visible&quot;:true,&quot;active&quot;:true,&quot;userDisabled&quot;:false,&quot;appDisabled&quot;:false,&quot;descriptor&quot;:&quot;C:\\Users\\C9854448\\AppData\\Local\\Mozilla Firefox\\browser\\extensions\\{972ce4c6-7e08-4474-a285-3208198ce6fd}.xpi&quot;,&quot;installDate&quot;:1462532993659,&quot;updateDate&quot;:1462532993659,&quot;applyBackgroundUpdates&quot;:1,&quot;skinnable&quot;:true,&quot;size&quot;:22012,&quot;sourceURI&quot;:null,&quot;releaseNotesURI&quot;:null,&quot;softDisabled&quot;:false,&quot;foreignInstall&quot;:false,&quot;hasBinaryComponents&quot;:false,&quot;strictCompatibility&quot;:true,&quot;locales&quot;:[],&quot;targetApplications&quot;:[{&quot;id&quot;:&quot;{ec8030f7-c20a-464f-9b0e-13a3a9e97384}&quot;,&quot;minVersion&quot;:&quot;46.0.1&quot;,&quot;maxVersion&quot;:&quot;46.0.1&quot;}],&quot;targetPlatforms&quot;:[],&quot;seen&quot;:true}
1464600724198	addons.xpi	DEBUG	getModTime: Recursive scan of {972ce4c6-7e08-4474-a285-3208198ce6fd}
1464600724199	DeferredSave.extensions.json	DEBUG	Save changes
1464600724199	addons.xpi	DEBUG	Updating database with changes to installed add-ons
1464600724199	addons.xpi-utils	DEBUG	Updating add-on states
1464600724200	addons.xpi-utils	DEBUG	Writing add-ons list
1464600724677	addons.xpi	DEBUG	Registering manifest for C:\Users\C9854448\AppData\Local\Mozilla Firefox\browser\features\e10srollout@mozilla.org.xpi
1464600724679	addons.xpi	DEBUG	Calling bootstrap method startup on e10srollout@mozilla.org version 1.0
1464600724679	addons.xpi	DEBUG	Registering manifest for C:\Users\C9854448\AppData\Local\Mozilla Firefox\browser\features\firefox@getpocket.com.xpi
1464600724681	addons.xpi	DEBUG	Calling bootstrap method startup on firefox@getpocket.com version 1.0
1464600724682	addons.xpi	DEBUG	Registering manifest for C:\Users\C9854448\AppData\Local\Mozilla Firefox\browser\features\loop@mozilla.org.xpi
1464600724684	addons.xpi	DEBUG	Calling bootstrap method startup on loop@mozilla.org version 1.2.6
1464600724721	addons.manager	DEBUG	Registering shutdown blocker for XPIProvider
1464600724721	addons.manager	DEBUG	Provider finished startup: XPIProvider
1464600724721	addons.manager	DEBUG	Starting provider: LightweightThemeManager
1464600724721	addons.manager	DEBUG	Registering shutdown blocker for LightweightThemeManager
1464600724721	addons.manager	DEBUG	Provider finished startup: LightweightThemeManager
1464600724722	addons.manager	DEBUG	Starting provider: GMPProvider
1464600724730	addons.manager	DEBUG	Registering shutdown blocker for GMPProvider
1464600724730	addons.manager	DEBUG	Provider finished startup: GMPProvider
1464600724730	addons.manager	DEBUG	Starting provider: PluginProvider
1464600724730	addons.manager	DEBUG	Registering shutdown blocker for PluginProvider
1464600724731	addons.manager	DEBUG	Provider finished startup: PluginProvider
1464600724731	addons.manager	DEBUG	Completed startup sequence

Build info: version: &apos;2.53.0&apos;, revision: &apos;35ae25b&apos;, time: &apos;2016-03-15 16:57:40&apos;
System info: host: &apos;S4KYDP6&apos;, ip: &apos;10.236.132.46&apos;, os.name: &apos;Windows 7&apos;, os.arch: &apos;x86&apos;, os.version: &apos;6.1&apos;, java.version: &apos;1.8.0_74&apos;
Driver info: driver.version: FirefoxDriver
	at org.openqa.selenium.firefox.internal.NewProfileExtensionConnection.start(NewProfileExtensionConnection.java:124)
	at org.openqa.selenium.firefox.FirefoxDriver.startClient(FirefoxDriver.java:271)
	at org.openqa.selenium.remote.RemoteWebDriver.&lt;init&gt;(RemoteWebDriver.java:119)
	at org.openqa.selenium.firefox.FirefoxDriver.&lt;init&gt;(FirefoxDriver.java:218)
	at org.openqa.selenium.firefox.FirefoxDriver.&lt;init&gt;(FirefoxDriver.java:211)
	at org.openqa.selenium.firefox.FirefoxDriver.&lt;init&gt;(FirefoxDriver.java:207)
	at org.openqa.selenium.firefox.FirefoxDriver.&lt;init&gt;(FirefoxDriver.java:120)
	at CourseCatalog.CourseCatalogTemplate.&lt;clinit&gt;(CourseCatalogTemplate.java:24)
Caused by: org.openqa.selenium.firefox.NotConnectedException: Unable to connect to host 127.0.0.1 on port 7055 after 45000 ms. Firefox console output:
aultLocale&quot;:{&quot;name&quot;:&quot;Firefox Hello&quot;,&quot;description&quot;:&quot;Web sharing for Firefox&quot;,&quot;creator&quot;:&quot;Mozilla&quot;,&quot;homepageURL&quot;:null},&quot;visible&quot;:true,&quot;active&quot;:true,&quot;userDisabled&quot;:false,&quot;appDisabled&quot;:false,&quot;descriptor&quot;:&quot;C:\\Users\\C9854448\\AppData\\Local\\Mozilla Firefox\\browser\\features\\loop@mozilla.org.xpi&quot;,&quot;installDate&quot;:1462532993549,&quot;updateDate&quot;:1462532993549,&quot;applyBackgroundUpdates&quot;:1,&quot;bootstrap&quot;:true,&quot;skinnable&quot;:false,&quot;size&quot;:4186053,&quot;sourceURI&quot;:null,&quot;releaseNotesURI&quot;:null,&quot;softDisabled&quot;:false,&quot;foreignInstall&quot;:false,&quot;hasBinaryComponents&quot;:false,&quot;strictCompatibility&quot;:false,&quot;locales&quot;:[],&quot;targetApplications&quot;:[{&quot;id&quot;:&quot;{ec8030f7-c20a-464f-9b0e-13a3a9e97384}&quot;,&quot;minVersion&quot;:&quot;46.0a1&quot;,&quot;maxVersion&quot;:&quot;46.*&quot;},{&quot;id&quot;:&quot;xpcshell@tests.mozilla.org&quot;,&quot;minVersion&quot;:&quot;0&quot;,&quot;maxVersion&quot;:&quot;10&quot;}],&quot;targetPlatforms&quot;:[],&quot;multiprocessCompatible&quot;:false,&quot;seen&quot;:true}
1464600724197	addons.xpi	DEBUG	getModTime: Recursive scan of loop@mozilla.org
1464600724198	addons.xpi	DEBUG	Updating XPIState for {&quot;id&quot;:&quot;{972ce4c6-7e08-4474-a285-3208198ce6fd}&quot;,&quot;syncGUID&quot;:&quot;nLNDUggH-l32&quot;,&quot;location&quot;:&quot;app-global&quot;,&quot;version&quot;:&quot;46.0.1&quot;,&quot;type&quot;:&quot;theme&quot;,&quot;internalName&quot;:&quot;classic/1.0&quot;,&quot;updateURL&quot;:null,&quot;updateKey&quot;:null,&quot;optionsURL&quot;:null,&quot;optionsType&quot;:null,&quot;aboutURL&quot;:null,&quot;icons&quot;:{&quot;32&quot;:&quot;icon.png&quot;,&quot;48&quot;:&quot;icon.png&quot;},&quot;iconURL&quot;:null,&quot;icon64URL&quot;:null,&quot;defaultLocale&quot;:{&quot;name&quot;:&quot;Default&quot;,&quot;description&quot;:&quot;The default theme.&quot;,&quot;creator&quot;:&quot;Mozilla&quot;,&quot;homepageURL&quot;:null,&quot;contributors&quot;:[&quot;Mozilla Contributors&quot;]},&quot;visible&quot;:true,&quot;active&quot;:true,&quot;userDisabled&quot;:false,&quot;appDisabled&quot;:false,&quot;descriptor&quot;:&quot;C:\\Users\\C9854448\\AppData\\Local\\Mozilla Firefox\\browser\\extensions\\{972ce4c6-7e08-4474-a285-3208198ce6fd}.xpi&quot;,&quot;installDate&quot;:1462532993659,&quot;updateDate&quot;:1462532993659,&quot;applyBackgroundUpdates&quot;:1,&quot;skinnable&quot;:true,&quot;size&quot;:22012,&quot;sourceURI&quot;:null,&quot;releaseNotesURI&quot;:null,&quot;softDisabled&quot;:false,&quot;foreignInstall&quot;:false,&quot;hasBinaryComponents&quot;:false,&quot;strictCompatibility&quot;:true,&quot;locales&quot;:[],&quot;targetApplications&quot;:[{&quot;id&quot;:&quot;{ec8030f7-c20a-464f-9b0e-13a3a9e97384}&quot;,&quot;minVersion&quot;:&quot;46.0.1&quot;,&quot;maxVersion&quot;:&quot;46.0.1&quot;}],&quot;targetPlatforms&quot;:[],&quot;seen&quot;:true}
1464600724198	addons.xpi	DEBUG	getModTime: Recursive scan of {972ce4c6-7e08-4474-a285-3208198ce6fd}
1464600724199	DeferredSave.extensions.json	DEBUG	Save changes
1464600724199	addons.xpi	DEBUG	Updating database with changes to installed add-ons
1464600724199	addons.xpi-utils	DEBUG	Updating add-on states
1464600724200	addons.xpi-utils	DEBUG	Writing add-ons list
1464600724677	addons.xpi	DEBUG	Registering manifest for C:\Users\C9854448\AppData\Local\Mozilla Firefox\browser\features\e10srollout@mozilla.org.xpi
1464600724679	addons.xpi	DEBUG	Calling bootstrap method startup on e10srollout@mozilla.org version 1.0
1464600724679	addons.xpi	DEBUG	Registering manifest for C:\Users\C9854448\AppData\Local\Mozilla Firefox\browser\features\firefox@getpocket.com.xpi
1464600724681	addons.xpi	DEBUG	Calling bootstrap method startup on firefox@getpocket.com version 1.0
1464600724682	addons.xpi	DEBUG	Registering manifest for C:\Users\C9854448\AppData\Local\Mozilla Firefox\browser\features\loop@mozilla.org.xpi
1464600724684	addons.xpi	DEBUG	Calling bootstrap method startup on loop@mozilla.org version 1.2.6
1464600724721	addons.manager	DEBUG	Registering shutdown blocker for XPIProvider
1464600724721	addons.manager	DEBUG	Provider finished startup: XPIProvider
1464600724721	addons.manager	DEBUG	Starting provider: LightweightThemeManager
1464600724721	addons.manager	DEBUG	Registering shutdown blocker for LightweightThemeManager
1464600724721	addons.manager	DEBUG	Provider finished startup: LightweightThemeManager
1464600724722	addons.manager	DEBUG	Starting provider: GMPProvider
1464600724730	addons.manager	DEBUG	Registering shutdown blocker for GMPProvider
1464600724730	addons.manager	DEBUG	Provider finished startup: GMPProvider
1464600724730	addons.manager	DEBUG	Starting provider: PluginProvider
1464600724730	addons.manager	DEBUG	Registering shutdown blocker for PluginProvider
1464600724731	addons.manager	DEBUG	Provider finished startup: PluginProvider
1464600724731	addons.manager	DEBUG	Completed startup sequence

	at org.openqa.selenium.firefox.internal.NewProfileExtensionConnection.start(NewProfileExtensionConnection.java:112)
</error>

      <system-out><![CDATA[]]></system-out>

      <system-err><![CDATA[org.openqa.selenium.firefox.NotConnectedException: Unable to connect to host 127.0.0.1 on port 7055 after 45000 ms. Firefox console output:
aultLocale":{"name":"Firefox Hello","description":"Web sharing for Firefox","creator":"Mozilla","homepageURL":null},"visible":true,"active":true,"userDisabled":false,"appDisabled":false,"descriptor":"C:\\Users\\C9854448\\AppData\\Local\\Mozilla Firefox\\browser\\features\\loop@mozilla.org.xpi","installDate":1462532993549,"updateDate":1462532993549,"applyBackgroundUpdates":1,"bootstrap":true,"skinnable":false,"size":4186053,"sourceURI":null,"releaseNotesURI":null,"softDisabled":false,"foreignInstall":false,"hasBinaryComponents":false,"strictCompatibility":false,"locales":[],"targetApplications":[{"id":"{ec8030f7-c20a-464f-9b0e-13a3a9e97384}","minVersion":"46.0a1","maxVersion":"46.*"},{"id":"xpcshell@tests.mozilla.org","minVersion":"0","maxVersion":"10"}],"targetPlatforms":[],"multiprocessCompatible":false,"seen":true}
1464600724197	addons.xpi	DEBUG	getModTime: Recursive scan of loop@mozilla.org
1464600724198	addons.xpi	DEBUG	Updating XPIState for {"id":"{972ce4c6-7e08-4474-a285-3208198ce6fd}","syncGUID":"nLNDUggH-l32","location":"app-global","version":"46.0.1","type":"theme","internalName":"classic/1.0","updateURL":null,"updateKey":null,"optionsURL":null,"optionsType":null,"aboutURL":null,"icons":{"32":"icon.png","48":"icon.png"},"iconURL":null,"icon64URL":null,"defaultLocale":{"name":"Default","description":"The default theme.","creator":"Mozilla","homepageURL":null,"contributors":["Mozilla Contributors"]},"visible":true,"active":true,"userDisabled":false,"appDisabled":false,"descriptor":"C:\\Users\\C9854448\\AppData\\Local\\Mozilla Firefox\\browser\\extensions\\{972ce4c6-7e08-4474-a285-3208198ce6fd}.xpi","installDate":1462532993659,"updateDate":1462532993659,"applyBackgroundUpdates":1,"skinnable":true,"size":22012,"sourceURI":null,"releaseNotesURI":null,"softDisabled":false,"foreignInstall":false,"hasBinaryComponents":false,"strictCompatibility":true,"locales":[],"targetApplications":[{"id":"{ec8030f7-c20a-464f-9b0e-13a3a9e97384}","minVersion":"46.0.1","maxVersion":"46.0.1"}],"targetPlatforms":[],"seen":true}
1464600724198	addons.xpi	DEBUG	getModTime: Recursive scan of {972ce4c6-7e08-4474-a285-3208198ce6fd}
1464600724199	DeferredSave.extensions.json	DEBUG	Save changes
1464600724199	addons.xpi	DEBUG	Updating database with changes to installed add-ons
1464600724199	addons.xpi-utils	DEBUG	Updating add-on states
1464600724200	addons.xpi-utils	DEBUG	Writing add-ons list
1464600724677	addons.xpi	DEBUG	Registering manifest for C:\Users\C9854448\AppData\Local\Mozilla Firefox\browser\features\e10srollout@mozilla.org.xpi
1464600724679	addons.xpi	DEBUG	Calling bootstrap method startup on e10srollout@mozilla.org version 1.0
1464600724679	addons.xpi	DEBUG	Registering manifest for C:\Users\C9854448\AppData\Local\Mozilla Firefox\browser\features\firefox@getpocket.com.xpi
1464600724681	addons.xpi	DEBUG	Calling bootstrap method startup on firefox@getpocket.com version 1.0
1464600724682	addons.xpi	DEBUG	Registering manifest for C:\Users\C9854448\AppData\Local\Mozilla Firefox\browser\features\loop@mozilla.org.xpi
1464600724684	addons.xpi	DEBUG	Calling bootstrap method startup on loop@mozilla.org version 1.2.6
1464600724721	addons.manager	DEBUG	Registering shutdown blocker for XPIProvider
1464600724721	addons.manager	DEBUG	Provider finished startup: XPIProvider
1464600724721	addons.manager	DEBUG	Starting provider: LightweightThemeManager
1464600724721	addons.manager	DEBUG	Registering shutdown blocker for LightweightThemeManager
[...]
	at org.openqa.selenium.remote.RemoteWebDriver.<init>(RemoteWebDriver.java:119)
	at org.openqa.selenium.firefox.FirefoxDriver.<init>(FirefoxDriver.java:218)
	at org.openqa.selenium.firefox.FirefoxDriver.<init>(FirefoxDriver.java:211)
	at org.openqa.selenium.firefox.FirefoxDriver.<init>(FirefoxDriver.java:207)
	at org.openqa.selenium.firefox.FirefoxDriver.<init>(FirefoxDriver.java:120)
	at CourseCatalog.CourseCatalogTemplate.<clinit>(CourseCatalogTemplate.java:24)
	at java.lang.Class.forName0(Native Method)
	at java.lang.Class.forName(Class.java:264)
	at org.apache.tools.ant.taskdefs.optional.junit.JUnitTestRunner.run(JUnitTestRunner.java:374)
	at org.apache.tools.ant.taskdefs.optional.junit.JUnitTestRunner.launch(JUnitTestRunner.java:1060)
	at org.apache.tools.ant.taskdefs.optional.junit.JUnitTestRunner.main(JUnitTestRunner.java:911)
]]></system-err>

  </testsuite>
  <testsuite errors="1" failures="0" hostname="S4KYDP6" id="15" name="SubTasksWorkFlow" package="SubTasks" tests="1" time="0.0" timestamp="2016-05-30T10:22:09">
      <properties>
[...]
</properties>

      <error type="java.lang.ExceptionInInitializerError">java.lang.ExceptionInInitializerError
	at java.lang.Class.forName0(Native Method)
	at java.lang.Class.forName(Class.java:264)
Caused by: org.openqa.selenium.WebDriverException: Failed to connect to binary FirefoxBinary(C:\Users\C9854448\AppData\Local\Mozilla Firefox\firefox.exe) on port 7055; process output follows: 
 Firefox\\browser\\features\\loop@mozilla.org.xpi&quot;,&quot;installDate&quot;:1462532993549,&quot;updateDate&quot;:1462532993549,&quot;applyBackgroundUpdates&quot;:1,&quot;bootstrap&quot;:true,&quot;skinnable&quot;:false,&quot;size&quot;:4186053,&quot;sourceURI&quot;:null,&quot;releaseNotesURI&quot;:null,&quot;softDisabled&quot;:false,&quot;foreignInstall&quot;:false,&quot;hasBinaryComponents&quot;:false,&quot;strictCompatibility&quot;:false,&quot;locales&quot;:[],&quot;targetApplications&quot;:[{&quot;id&quot;:&quot;{ec8030f7-c20a-464f-9b0e-13a3a9e97384}&quot;,&quot;minVersion&quot;:&quot;46.0a1&quot;,&quot;maxVersion&quot;:&quot;46.*&quot;},{&quot;id&quot;:&quot;xpcshell@tests.mozilla.org&quot;,&quot;minVersion&quot;:&quot;0&quot;,&quot;maxVersion&quot;:&quot;10&quot;}],&quot;targetPlatforms&quot;:[],&quot;multiprocessCompatible&quot;:false,&quot;seen&quot;:true}
1464603703725	addons.xpi	DEBUG	getModTime: Recursive scan of loop@mozilla.org
1464603703726	addons.xpi	DEBUG	Updating XPIState for {&quot;id&quot;:&quot;{972ce4c6-7e08-4474-a285-3208198ce6fd}&quot;,&quot;syncGUID&quot;:&quot;9DEL2hjoXfZX&quot;,&quot;location&quot;:&quot;app-global&quot;,&quot;version&quot;:&quot;46.0.1&quot;,&quot;type&quot;:&quot;theme&quot;,&quot;internalName&quot;:&quot;classic/1.0&quot;,&quot;updateURL&quot;:null,&quot;updateKey&quot;:null,&quot;optionsURL&quot;:null,&quot;optionsType&quot;:null,&quot;aboutURL&quot;:null,&quot;icons&quot;:{&quot;32&quot;:&quot;icon.png&quot;,&quot;48&quot;:&quot;icon.png&quot;},&quot;iconURL&quot;:null,&quot;icon64URL&quot;:null,&quot;defaultLocale&quot;:{&quot;name&quot;:&quot;Default&quot;,&quot;description&quot;:&quot;The default theme.&quot;,&quot;creator&quot;:&quot;Mozilla&quot;,&quot;homepageURL&quot;:null,&quot;contributors&quot;:[&quot;Mozilla Contributors&quot;]},&quot;visible&quot;:true,&quot;active&quot;:true,&quot;userDisabled&quot;:false,&quot;appDisabled&quot;:false,&quot;descriptor&quot;:&quot;C:\\Users\\C9854448\\AppData\\Local\\Mozilla Firefox\\browser\\extensions\\{972ce4c6-7e08-4474-a285-3208198ce6fd}.xpi&quot;,&quot;installDate&quot;:1462532993659,&quot;updateDate&quot;:1462532993659,&quot;applyBackgroundUpdates&quot;:1,&quot;skinnable&quot;:true,&quot;size&quot;:22012,&quot;sourceURI&quot;:null,&quot;releaseNotesURI&quot;:null,&quot;softDisabled&quot;:false,&quot;foreignInstall&quot;:false,&quot;hasBinaryComponents&quot;:false,&quot;strictCompatibility&quot;:true,&quot;locales&quot;:[],&quot;targetApplications&quot;:[{&quot;id&quot;:&quot;{ec8030f7-c20a-464f-9b0e-13a3a9e97384}&quot;,&quot;minVersion&quot;:&quot;46.0.1&quot;,&quot;maxVersion&quot;:&quot;46.0.1&quot;}],&quot;targetPlatforms&quot;:[],&quot;seen&quot;:true}
1464603703726	addons.xpi	DEBUG	getModTime: Recursive scan of {972ce4c6-7e08-4474-a285-3208198ce6fd}
1464603703728	DeferredSave.extensions.json	DEBUG	Save changes
1464603703728	addons.xpi	DEBUG	Updating database with changes to installed add-ons
1464603703728	addons.xpi-utils	DEBUG	Updating add-on states
1464603703729	addons.xpi-utils	DEBUG	Writing add-ons list
1464603703797	addons.xpi	DEBUG	Registering manifest for C:\Users\C9854448\AppData\Local\Mozilla Firefox\browser\features\e10srollout@mozilla.org.xpi
1464603703798	addons.xpi	DEBUG	Calling bootstrap method startup on e10srollout@mozilla.org version 1.0
1464603703798	addons.xpi	DEBUG	Registering manifest for C:\Users\C9854448\AppData\Local\Mozilla Firefox\browser\features\firefox@getpocket.com.xpi
1464603703800	addons.xpi	DEBUG	Calling bootstrap method startup on firefox@getpocket.com version 1.0
1464603703801	addons.xpi	DEBUG	Registering manifest for C:\Users\C9854448\AppData\Local\Mozilla Firefox\browser\features\loop@mozilla.org.xpi
1464603703802	addons.xpi	DEBUG	Calling bootstrap method startup on loop@mozilla.org version 1.2.6
1464603703828	addons.manager	DEBUG	Registering shutdown blocker for XPIProvider
1464603703828	addons.manager	DEBUG	Provider finished startup: XPIProvider
1464603703828	addons.manager	DEBUG	Starting provider: LightweightThemeManager
1464603703829	addons.manager	DEBUG	Registering shutdown blocker for LightweightThemeManager
1464603703829	addons.manager	DEBUG	Provider finished startup: LightweightThemeManager
1464603703829	addons.manager	DEBUG	Starting provider: GMPProvider
1464603703836	addons.manager	DEBUG	Registering shutdown blocker for GMPProvider
1464603703837	addons.manager	DEBUG	Provider finished startup: GMPProvider
1464603703837	addons.manager	DEBUG	Starting provider: PluginProvider
1464603703837	addons.manager	DEBUG	Registering shutdown blocker for PluginProvider
1464603703837	addons.manager	DEBUG	Provider finished startup: PluginProvider
1464603703838	addons.manager	DEBUG	Completed startup sequence
1464603718682	addons.manager	DEBUG	Starting provider: &lt;unnamed-provider&gt;
1464603718682	addons.manager	DEBUG	Registering shutdown blocker for &lt;unnamed-provider&gt;
1464603718682	addons.manager	DEBUG	Provider finished startup: &lt;unnamed-provider&gt;

Build info: version: &apos;2.53.0&apos;, revision: &apos;35ae25b&apos;, time: &apos;2016-03-15 16:57:40&apos;
System info: host: &apos;S4KYDP6&apos;, ip: &apos;10.236.132.46&apos;, os.name: &apos;Windows 7&apos;, os.arch: &apos;x86&apos;, os.version: &apos;6.1&apos;, java.version: &apos;1.8.0_74&apos;
Driver info: driver.version: FirefoxDriver
	at org.openqa.selenium.firefox.internal.NewProfileExtensionConnection.start(NewProfileExtensionConnection.java:124)
	at org.openqa.selenium.firefox.FirefoxDriver.startClient(FirefoxDriver.java:271)
	at org.openqa.selenium.remote.RemoteWebDriver.&lt;init&gt;(RemoteWebDriver.java:119)
	at org.openqa.selenium.firefox.FirefoxDriver.&lt;init&gt;(FirefoxDriver.java:218)
	at org.openqa.selenium.firefox.FirefoxDriver.&lt;init&gt;(FirefoxDriver.java:211)
	at org.openqa.selenium.firefox.FirefoxDriver.&lt;init&gt;(FirefoxDriver.java:207)
	at org.openqa.selenium.firefox.FirefoxDriver.&lt;init&gt;(FirefoxDriver.java:120)
	at CourseCatalog.CourseCatalogTemplate.&lt;clinit&gt;(CourseCatalogTemplate.java:24)
Caused by: org.openqa.selenium.firefox.NotConnectedException: Unable to connect to host 127.0.0.1 on port 7055 after 45000 ms. Firefox console output:
 Firefox\\browser\\features\\loop@mozilla.org.xpi&quot;,&quot;installDate&quot;:1462532993549,&quot;updateDate&quot;:1462532993549,&quot;applyBackgroundUpdates&quot;:1,&quot;bootstrap&quot;:true,&quot;skinnable&quot;:false,&quot;size&quot;:4186053,&quot;sourceURI&quot;:null,&quot;releaseNotesURI&quot;:null,&quot;softDisabled&quot;:false,&quot;foreignInstall&quot;:false,&quot;hasBinaryComponents&quot;:false,&quot;strictCompatibility&quot;:false,&quot;locales&quot;:[],&quot;targetApplications&quot;:[{&quot;id&quot;:&quot;{ec8030f7-c20a-464f-9b0e-13a3a9e97384}&quot;,&quot;minVersion&quot;:&quot;46.0a1&quot;,&quot;maxVersion&quot;:&quot;46.*&quot;},{&quot;id&quot;:&quot;xpcshell@tests.mozilla.org&quot;,&quot;minVersion&quot;:&quot;0&quot;,&quot;maxVersion&quot;:&quot;10&quot;}],&quot;targetPlatforms&quot;:[],&quot;multiprocessCompatible&quot;:false,&quot;seen&quot;:true}
1464603703725	addons.xpi	DEBUG	getModTime: Recursive scan of loop@mozilla.org
1464603703726	addons.xpi	DEBUG	Updating XPIState for {&quot;id&quot;:&quot;{972ce4c6-7e08-4474-a285-3208198ce6fd}&quot;,&quot;syncGUID&quot;:&quot;9DEL2hjoXfZX&quot;,&quot;location&quot;:&quot;app-global&quot;,&quot;version&quot;:&quot;46.0.1&quot;,&quot;type&quot;:&quot;theme&quot;,&quot;internalName&quot;:&quot;classic/1.0&quot;,&quot;updateURL&quot;:null,&quot;updateKey&quot;:null,&quot;optionsURL&quot;:null,&quot;optionsType&quot;:null,&quot;aboutURL&quot;:null,&quot;icons&quot;:{&quot;32&quot;:&quot;icon.png&quot;,&quot;48&quot;:&quot;icon.png&quot;},&quot;iconURL&quot;:null,&quot;icon64URL&quot;:null,&quot;defaultLocale&quot;:{&quot;name&quot;:&quot;Default&quot;,&quot;description&quot;:&quot;The default theme.&quot;,&quot;creator&quot;:&quot;Mozilla&quot;,&quot;homepageURL&quot;:null,&quot;contributors&quot;:[&quot;Mozilla Contributors&quot;]},&quot;visible&quot;:true,&quot;active&quot;:true,&quot;userDisabled&quot;:false,&quot;appDisabled&quot;:false,&quot;descriptor&quot;:&quot;C:\\Users\\C9854448\\AppData\\Local\\Mozilla Firefox\\browser\\extensions\\{972ce4c6-7e08-4474-a285-3208198ce6fd}.xpi&quot;,&quot;installDate&quot;:1462532993659,&quot;updateDate&quot;:1462532993659,&quot;applyBackgroundUpdates&quot;:1,&quot;skinnable&quot;:true,&quot;size&quot;:22012,&quot;sourceURI&quot;:null,&quot;releaseNotesURI&quot;:null,&quot;softDisabled&quot;:false,&quot;foreignInstall&quot;:false,&quot;hasBinaryComponents&quot;:false,&quot;strictCompatibility&quot;:true,&quot;locales&quot;:[],&quot;targetApplications&quot;:[{&quot;id&quot;:&quot;{ec8030f7-c20a-464f-9b0e-13a3a9e97384}&quot;,&quot;minVersion&quot;:&quot;46.0.1&quot;,&quot;maxVersion&quot;:&quot;46.0.1&quot;}],&quot;targetPlatforms&quot;:[],&quot;seen&quot;:true}
1464603703726	addons.xpi	DEBUG	getModTime: Recursive scan of {972ce4c6-7e08-4474-a285-3208198ce6fd}
1464603703728	DeferredSave.extensions.json	DEBUG	Save changes
1464603703728	addons.xpi	DEBUG	Updating database with changes to installed add-ons
1464603703728	addons.xpi-utils	DEBUG	Updating add-on states
1464603703729	addons.xpi-utils	DEBUG	Writing add-ons list
1464603703797	addons.xpi	DEBUG	Registering manifest for C:\Users\C9854448\AppData\Local\Mozilla Firefox\browser\features\e10srollout@mozilla.org.xpi
1464603703798	addons.xpi	DEBUG	Calling bootstrap method startup on e10srollout@mozilla.org version 1.0
1464603703798	addons.xpi	DEBUG	Registering manifest for C:\Users\C9854448\AppData\Local\Mozilla Firefox\browser\features\firefox@getpocket.com.xpi
1464603703800	addons.xpi	DEBUG	Calling bootstrap method startup on firefox@getpocket.com version 1.0
1464603703801	addons.xpi	DEBUG	Registering manifest for C:\Users\C9854448\AppData\Local\Mozilla Firefox\browser\features\loop@mozilla.org.xpi
1464603703802	addons.xpi	DEBUG	Calling bootstrap method startup on loop@mozilla.org version 1.2.6
1464603703828	addons.manager	DEBUG	Registering shutdown blocker for XPIProvider
1464603703828	addons.manager	DEBUG	Provider finished startup: XPIProvider
1464603703828	addons.manager	DEBUG	Starting provider: LightweightThemeManager
1464603703829	addons.manager	DEBUG	Registering shutdown blocker for LightweightThemeManager
1464603703829	addons.manager	DEBUG	Provider finished startup: LightweightThemeManager
1464603703829	addons.manager	DEBUG	Starting provider: GMPProvider
1464603703836	addons.manager	DEBUG	Registering shutdown blocker for GMPProvider
1464603703837	addons.manager	DEBUG	Provider finished startup: GMPProvider
1464603703837	addons.manager	DEBUG	Starting provider: PluginProvider
1464603703837	addons.manager	DEBUG	Registering shutdown blocker for PluginProvider
1464603703837	addons.manager	DEBUG	Provider finished startup: PluginProvider
1464603703838	addons.manager	DEBUG	Completed startup sequence
1464603718682	addons.manager	DEBUG	Starting provider: &lt;unnamed-provider&gt;
1464603718682	addons.manager	DEBUG	Registering shutdown blocker for &lt;unnamed-provider&gt;
1464603718682	addons.manager	DEBUG	Provider finished startup: &lt;unnamed-provider&gt;

	at org.openqa.selenium.firefox.internal.NewProfileExtensionConnection.start(NewProfileExtensionConnection.java:112)
</error>

      <system-out><![CDATA[]]></system-out>

      <system-err><![CDATA[org.openqa.selenium.firefox.NotConnectedException: Unable to connect to host 127.0.0.1 on port 7055 after 45000 ms. Firefox console output:
 Firefox\\browser\\features\\loop@mozilla.org.xpi","installDate":1462532993549,"updateDate":1462532993549,"applyBackgroundUpdates":1,"bootstrap":true,"skinnable":false,"size":4186053,"sourceURI":null,"releaseNotesURI":null,"softDisabled":false,"foreignInstall":false,"hasBinaryComponents":false,"strictCompatibility":false,"locales":[],"targetApplications":[{"id":"{ec8030f7-c20a-464f-9b0e-13a3a9e97384}","minVersion":"46.0a1","maxVersion":"46.*"},{"id":"xpcshell@tests.mozilla.org","minVersion":"0","maxVersion":"10"}],"targetPlatforms":[],"multiprocessCompatible":false,"seen":true}
1464603703725	addons.xpi	DEBUG	getModTime: Recursive scan of loop@mozilla.org
1464603703726	addons.xpi	DEBUG	Updating XPIState for {"id":"{972ce4c6-7e08-4474-a285-3208198ce6fd}","syncGUID":"9DEL2hjoXfZX","location":"app-global","version":"46.0.1","type":"theme","internalName":"classic/1.0","updateURL":null,"updateKey":null,"optionsURL":null,"optionsType":null,"aboutURL":null,"icons":{"32":"icon.png","48":"icon.png"},"iconURL":null,"icon64URL":null,"defaultLocale":{"name":"Default","description":"The default theme.","creator":"Mozilla","homepageURL":null,"contributors":["Mozilla Contributors"]},"visible":true,"active":true,"userDisabled":false,"appDisabled":false,"descriptor":"C:\\Users\\C9854448\\AppData\\Local\\Mozilla Firefox\\browser\\extensions\\{972ce4c6-7e08-4474-a285-3208198ce6fd}.xpi","installDate":1462532993659,"updateDate":1462532993659,"applyBackgroundUpdates":1,"skinnable":true,"size":22012,"sourceURI":null,"releaseNotesURI":null,"softDisabled":false,"foreignInstall":false,"hasBinaryComponents":false,"strictCompatibility":true,"locales":[],"targetApplications":[{"id":"{ec8030f7-c20a-464f-9b0e-13a3a9e97384}","minVersion":"46.0.1","maxVersion":"46.0.1"}],"targetPlatforms":[],"seen":true}
1464603703726	addons.xpi	DEBUG	getModTime: Recursive scan of {972ce4c6-7e08-4474-a285-3208198ce6fd}
1464603703728	DeferredSave.extensions.json	DEBUG	Save changes
1464603703728	addons.xpi	DEBUG	Updating database with changes to installed add-ons
1464603703728	addons.xpi-utils	DEBUG	Updating add-on states
1464603703729	addons.xpi-utils	DEBUG	Writing add-ons list
1464603703797	addons.xpi	DEBUG	Registering manifest for C:\Users\C9854448\AppData\Local\Mozilla Firefox\browser\features\e10srollout@mozilla.org.xpi
1464603703798	addons.xpi	DEBUG	Calling bootstrap method startup on e10srollout@mozilla.org version 1.0
1464603703798	addons.xpi	DEBUG	Registering manifest for C:\Users\C9854448\AppData\Local\Mozilla Firefox\browser\features\firefox@getpocket.com.xpi
1464603703800	addons.xpi	DEBUG	Calling bootstrap method startup on firefox@getpocket.com version 1.0
1464603703801	addons.xpi	DEBUG	Registering manifest for C:\Users\C9854448\AppData\Local\Mozilla Firefox\browser\features\loop@mozilla.org.xpi
1464603703802	addons.xpi	DEBUG	Calling bootstrap method startup on loop@mozilla.org version 1.2.6
1464603703828	addons.manager	DEBUG	Registering shutdown blocker for XPIProvider
1464603703828	addons.manager	DEBUG	Provider finished startup: XPIProvider
1464603703828	addons.manager	DEBUG	Starting provider: LightweightThemeManager
1464603703829	addons.manager	DEBUG	Registering shutdown blocker for LightweightThemeManager
1464603703829	addons.manager	DEBUG	Provider finished startup: LightweightThemeManager
1464603703829	addons.manager	DEBUG	Starting provider: GMPProvider
1464603703836	addons.manager	DEBUG	Registering shutdown blocker for GMPProvider
1464603703837	addons.manager	DEBUG	Provider finished startup: GMPProvider
1464603703837	addons.manager	DEBUG	Starting provider: PluginProvider
1464603703837	addons.manager	DEBUG	Registering shutdown blocker for PluginProvider
1464603703837	addons.manager	DEBUG	Provider finished startup: PluginProvider
1464603703838	addons.manager	DEBUG	Completed startup sequence
1464603718682	addons.manager	DEBUG	Starting provider: <unnamed-provider>
1464603718682	addons.manager	DEBUG	Registering shutdown blocker for <unnamed-provider>
1464603718682	addons.manager	DEBUG	Provider finished startup: <unnamed-provider>

	at org.openqa.selenium.firefox.internal.NewProfileExtensionConnection.start(NewProfileExtensionConnection.java:112)
	at org.openqa.selenium.firefox.FirefoxDriver.startClient(FirefoxDriver.java:271)
	at org.openqa.selenium.remote.RemoteWebDriver.<init>(RemoteWebDriver.java:119)
	at org.openqa.selenium.firefox.FirefoxDriver.<init>(FirefoxDriver.java:218)
	at org.openqa.selenium.firefox.FirefoxDriver.<init>(FirefoxDriver.java:211)
	at org.openqa.selenium.firefox.FirefoxDriver.<init>(FirefoxDriver.java:207)
	at org.openqa.selenium.firefox.FirefoxDriver.<init>(FirefoxDriver.java:120)
	at CourseCatalog.CourseCatalogTemplate.<clinit>(CourseCatalogTemplate.java:24)
	at java.lang.Class.forName0(Native Method)
	at java.lang.Class.forName(Class.java:264)
	at org.apache.tools.ant.taskdefs.optional.junit.JUnitTestRunner.run(JUnitTestRunner.java:374)
	at org.apache.tools.ant.taskdefs.optional.junit.JUnitTestRunner.launch(JUnitTestRunner.java:1060)
	at org.apache.tools.ant.taskdefs.optional.junit.JUnitTestRunner.main(JUnitTestRunner.java:911)
]]></system-err>

  </testsuite>
  <testsuite errors="1" failures="0" hostname="S4KYDP6" id="16" name="SubTasksWorkFlowCancelled" package="SubTasks" tests="1" time="410.457" timestamp="2016-05-30T09:23:18">
      <properties>
[...]
</properties>

      <testcase classname="SubTasks.SubTasksWorkFlowCancelled" name="SubtasksWorkflowExecutionInit" time="410.418">
          <error message="No frame element found by name or id gadget-0&#xa;Build info: version: &apos;2.53.0&apos;, revision: &apos;35ae25b&apos;, time: &apos;2016-03-15 16:57:40&apos;&#xa;System info: host: &apos;S4KYDP6&apos;, ip: &apos;10.236.132.46&apos;, os.name: &apos;Windows 7&apos;, os.arch: &apos;x86&apos;, os.version: &apos;6.1&apos;, java.version: &apos;1.8.0_74&apos;&#xa;Driver info: driver.version: unknown" type="org.openqa.selenium.NoSuchFrameException">org.openqa.selenium.NoSuchFrameException: No frame element found by name or id gadget-0
Build info: version: &apos;2.53.0&apos;, revision: &apos;35ae25b&apos;, time: &apos;2016-03-15 16:57:40&apos;
System info: host: &apos;S4KYDP6&apos;, ip: &apos;10.236.132.46&apos;, os.name: &apos;Windows 7&apos;, os.arch: &apos;x86&apos;, os.version: &apos;6.1&apos;, java.version: &apos;1.8.0_74&apos;
Driver info: driver.version: unknown
	at org.openqa.selenium.remote.RemoteWebDriver$RemoteTargetLocator.frame(RemoteWebDriver.java:997)
	at CourseCatalog.CourseCatalogTemplate.Login(CourseCatalogTemplate.java:75)
	at CourseCatalog.StandardCourseCatalogCreation.CourseStandard(StandardCourseCatalogCreation.java:33)
	at SessionCatalog.SessionCatalogCompleted.SessionCatalogCompletedExecution(SessionCatalogCompleted.java:33)
	at SubTasks.SubTasksWorkFlowCancelled.SubtasksWorkflowExecutionInit(SubTasksWorkFlowCancelled.java:22)
</error>

      </testcase>

      <system-out><![CDATA[]]></system-out>

      <system-err><![CDATA[]]></system-err>

  </testsuite>
</testsuites>
