<?xml version="1.0" encoding="UTF-8" ?>
<testsuites>
  <testsuite errors="1" failures="0" hostname="S4KYDP6" id="0" name="UrgentCourseCatalog" package="AIRBUBS_XLAS_JENKINS.CourseCatalog" tests="1" time="0.0" timestamp="2016-04-12T14:26:21">
      <properties>
[...]
</properties>

      <error message="AIRBUBS_XLAS_JENKINS.CourseCatalog.UrgentCourseCatalog" type="java.lang.ClassNotFoundException">java.lang.ClassNotFoundException: AIRBUBS_XLAS_JENKINS.CourseCatalog.UrgentCourseCatalog
	at java.net.URLClassLoader.findClass(URLClassLoader.java:381)
	at java.lang.ClassLoader.loadClass(ClassLoader.java:424)
	at sun.misc.Launcher$AppClassLoader.loadClass(Launcher.java:331)
	at java.lang.ClassLoader.loadClass(ClassLoader.java:357)
	at java.lang.Class.forName0(Native Method)
	at java.lang.Class.forName(Class.java:264)
</error>

      <system-out><![CDATA[]]></system-out>

      <system-err><![CDATA[]]></system-err>

  </testsuite>
  <testsuite errors="1" failures="0" hostname="S4KYDP6" id="1" name="ValidationCourseCatalog" package="AIRBUBS_XLAS_JENKINS.CourseCatalog" tests="1" time="0.0" timestamp="2016-04-12T14:38:13">
      <properties>
[...]
</properties>

      <error message="AIRBUBS_XLAS_JENKINS.CourseCatalog.ValidationCourseCatalog" type="java.lang.ClassNotFoundException">java.lang.ClassNotFoundException: AIRBUBS_XLAS_JENKINS.CourseCatalog.ValidationCourseCatalog
	at java.net.URLClassLoader.findClass(Unknown Source)
	at java.lang.ClassLoader.loadClass(Unknown Source)
	at sun.misc.Launcher$AppClassLoader.loadClass(Unknown Source)
	at java.lang.ClassLoader.loadClass(Unknown Source)
	at java.lang.Class.forName0(Native Method)
	at java.lang.Class.forName(Unknown Source)
</error>

      <system-out><![CDATA[]]></system-out>

      <system-err><![CDATA[]]></system-err>

  </testsuite>
  <testsuite errors="1" failures="0" hostname="S4KYDP6" id="2" name="CourseModificationRequestDeliveryData" package="AIRBUBS_XLAS_JENKINS.CourseModificationRequest" tests="1" time="0.0" timestamp="2016-04-12T14:06:11">
      <properties>
[...]
</properties>

      <error message="AIRBUBS_XLAS_JENKINS.CourseModificationRequest.CourseModificationRequestDeliveryData" type="java.lang.ClassNotFoundException">java.lang.ClassNotFoundException: AIRBUBS_XLAS_JENKINS.CourseModificationRequest.CourseModificationRequestDeliveryData
	at java.net.URLClassLoader.findClass(URLClassLoader.java:381)
	at java.lang.ClassLoader.loadClass(ClassLoader.java:424)
	at sun.misc.Launcher$AppClassLoader.loadClass(Launcher.java:331)
	at java.lang.ClassLoader.loadClass(ClassLoader.java:357)
	at java.lang.Class.forName0(Native Method)
	at java.lang.Class.forName(Class.java:264)
</error>

      <system-out><![CDATA[]]></system-out>

      <system-err><![CDATA[]]></system-err>

  </testsuite>
  <testsuite errors="1" failures="0" hostname="S4KYDP6" id="3" name="StandardCourseModificationRequest" package="AIRBUBS_XLAS_JENKINS.CourseModificationRequest" tests="1" time="0.0" timestamp="2016-04-12T14:21:12">
      <properties>
[...]
</properties>

      <error message="AIRBUBS_XLAS_JENKINS.CourseModificationRequest.StandardCourseModificationRequest" type="java.lang.ClassNotFoundException">java.lang.ClassNotFoundException: AIRBUBS_XLAS_JENKINS.CourseModificationRequest.StandardCourseModificationRequest
	at java.net.URLClassLoader.findClass(URLClassLoader.java:381)
	at java.lang.ClassLoader.loadClass(ClassLoader.java:424)
	at sun.misc.Launcher$AppClassLoader.loadClass(Launcher.java:331)
	at java.lang.ClassLoader.loadClass(ClassLoader.java:357)
	at java.lang.Class.forName0(Native Method)
	at java.lang.Class.forName(Class.java:264)
</error>

      <system-out><![CDATA[]]></system-out>

      <system-err><![CDATA[]]></system-err>

  </testsuite>
  <testsuite errors="1" failures="0" hostname="S4KYDP6" id="4" name="ValidationCourseModificationRequest" package="AIRBUBS_XLAS_JENKINS.CourseModificationRequest" tests="1" time="0.0" timestamp="2016-04-12T14:07:10">
      <properties>
[...]
</properties>

      <error message="AIRBUBS_XLAS_JENKINS.CourseModificationRequest.ValidationCourseModificationRequest" type="java.lang.ClassNotFoundException">java.lang.ClassNotFoundException: AIRBUBS_XLAS_JENKINS.CourseModificationRequest.ValidationCourseModificationRequest
	at java.net.URLClassLoader.findClass(URLClassLoader.java:381)
	at java.lang.ClassLoader.loadClass(ClassLoader.java:424)
	at sun.misc.Launcher$AppClassLoader.loadClass(Launcher.java:331)
	at java.lang.ClassLoader.loadClass(ClassLoader.java:357)
	at java.lang.Class.forName0(Native Method)
	at java.lang.Class.forName(Class.java:264)
</error>

      <system-out><![CDATA[]]></system-out>

      <system-err><![CDATA[]]></system-err>

  </testsuite>
  <testsuite errors="1" failures="0" hostname="S4KYDP6" id="5" name="CustomTask" package="AIRBUBS_XLAS_JENKINS.CustomTask" tests="1" time="0.0" timestamp="2016-04-12T14:31:43">
      <properties>
[...]
</properties>

      <error message="AIRBUBS_XLAS_JENKINS.CustomTask.CustomTask" type="java.lang.ClassNotFoundException">java.lang.ClassNotFoundException: AIRBUBS_XLAS_JENKINS.CustomTask.CustomTask
	at java.net.URLClassLoader.findClass(Unknown Source)
	at java.lang.ClassLoader.loadClass(Unknown Source)
	at sun.misc.Launcher$AppClassLoader.loadClass(Unknown Source)
	at java.lang.ClassLoader.loadClass(Unknown Source)
	at java.lang.Class.forName0(Native Method)
	at java.lang.Class.forName(Unknown Source)
</error>

      <system-out><![CDATA[]]></system-out>

      <system-err><![CDATA[]]></system-err>

  </testsuite>
  <testsuite errors="0" failures="0" hostname="S4KYDP6" id="6" name="DeliveryDataCourseCatalog" package="CourseCatalog" tests="1" time="281.735" timestamp="2016-04-26T15:28:11">
      <properties>
[...]
</properties>

      <testcase classname="CourseCatalog.DeliveryDataCourseCatalog" name="DeliveryDataInit" time="281.694" />

      <system-out><![CDATA[CATALOG-178298 Delivery Data Course Catalog has been created and sent to Pending Delivery Data
]]></system-out>

      <system-err><![CDATA[]]></system-err>

  </testsuite>
  <testsuite errors="0" failures="0" hostname="S4KYDP6" id="7" name="StandardCourseCatalogCreation" package="CourseCatalog" tests="1" time="251.951" timestamp="2016-04-26T14:07:30">
      <properties>
[...]
</properties>

      <testcase classname="CourseCatalog.StandardCourseCatalogCreation" name="CourseStandardExecution" time="251.908" />

      <system-out><![CDATA[CATALOG-178279 Course Catalog has been created and sent to Active
]]></system-out>

      <system-err><![CDATA[]]></system-err>

  </testsuite>
  <testsuite errors="0" failures="0" hostname="S4KYDP6" id="8" name="UrgentCourseCatalog" package="CourseCatalog" tests="1" time="219.933" timestamp="2016-04-26T14:38:33">
      <properties>
[...]
</properties>

      <testcase classname="CourseCatalog.UrgentCourseCatalog" name="UrgentCourse" time="219.898" />

      <system-out><![CDATA[CATALOG-178283 Urgent Course Catalog has been created and sent to Active
]]></system-out>

      <system-err><![CDATA[]]></system-err>

  </testsuite>
  <testsuite errors="1" failures="0" hostname="S4KYDP6" id="9" name="UrgentDeliveryDataCourseCatalog" package="CourseCatalog" tests="1" time="397.138" timestamp="2016-04-26T14:11:57">
      <properties>
[...]
</properties>

      <testcase classname="CourseCatalog.UrgentDeliveryDataCourseCatalog" name="UrgentDeliveryData" time="397.109">
          <error message="Unable to locate element: {&quot;method&quot;:&quot;id&quot;,&quot;selector&quot;:&quot;customfield_10194&quot;}&#xa;Command duration or timeout: 200.10 seconds&#xa;For documentation on this error, please visit: http://seleniumhq.org/exceptions/no_such_element.html&#xa;Build info: version: &apos;2.53.0&apos;, revision: &apos;35ae25b&apos;, time: &apos;2016-03-15 16:57:40&apos;&#xa;System info: host: &apos;S4KYDP6&apos;, ip: &apos;172.30.223.129&apos;, os.name: &apos;Windows 7&apos;, os.arch: &apos;x86&apos;, os.version: &apos;6.1&apos;, java.version: &apos;1.8.0_74&apos;&#xa;Driver info: org.openqa.selenium.firefox.FirefoxDriver&#xa;Capabilities [{applicationCacheEnabled=true, rotatable=false, handlesAlerts=true, databaseEnabled=true, version=45.0.2, platform=WINDOWS, nativeEvents=false, acceptSslCerts=true, webStorageEnabled=true, locationContextEnabled=true, browserName=firefox, takesScreenshot=true, javascriptEnabled=true, cssSelectorsEnabled=true}]&#xa;Session ID: d3a12001-d226-4f0e-a6ef-089d5eaf8ea5&#xa;*** Element info: {Using=id, value=customfield_10194}" type="org.openqa.selenium.NoSuchElementException">org.openqa.selenium.NoSuchElementException: Unable to locate element: {&quot;method&quot;:&quot;id&quot;,&quot;selector&quot;:&quot;customfield_10194&quot;}
Command duration or timeout: 200.10 seconds
For documentation on this error, please visit: http://seleniumhq.org/exceptions/no_such_element.html
Build info: version: &apos;2.53.0&apos;, revision: &apos;35ae25b&apos;, time: &apos;2016-03-15 16:57:40&apos;
System info: host: &apos;S4KYDP6&apos;, ip: &apos;172.30.223.129&apos;, os.name: &apos;Windows 7&apos;, os.arch: &apos;x86&apos;, os.version: &apos;6.1&apos;, java.version: &apos;1.8.0_74&apos;
Driver info: org.openqa.selenium.firefox.FirefoxDriver
Capabilities [{applicationCacheEnabled=true, rotatable=false, handlesAlerts=true, databaseEnabled=true, version=45.0.2, platform=WINDOWS, nativeEvents=false, acceptSslCerts=true, webStorageEnabled=true, locationContextEnabled=true, browserName=firefox, takesScreenshot=true, javascriptEnabled=true, cssSelectorsEnabled=true}]
Session ID: d3a12001-d226-4f0e-a6ef-089d5eaf8ea5
*** Element info: {Using=id, value=customfield_10194}
	at java.lang.reflect.Constructor.newInstance(Constructor.java:423)
	at org.openqa.selenium.remote.ErrorHandler.createThrowable(ErrorHandler.java:206)
	at org.openqa.selenium.remote.ErrorHandler.throwIfResponseFailed(ErrorHandler.java:158)
	at org.openqa.selenium.remote.RemoteWebDriver.execute(RemoteWebDriver.java:678)
	at org.openqa.selenium.remote.RemoteWebDriver.findElement(RemoteWebDriver.java:363)
	at org.openqa.selenium.remote.RemoteWebDriver.findElementById(RemoteWebDriver.java:413)
	at org.openqa.selenium.By$ById.findElement(By.java:218)
	at org.openqa.selenium.remote.RemoteWebDriver.findElement(RemoteWebDriver.java:355)
	at CourseCatalog.CourseCatalogTemplate.CourseExecution(CourseCatalogTemplate.java:591)
	at CourseCatalog.StandardCourseCatalogCreation.CourseStandard(StandardCourseCatalogCreation.java:79)
	at CourseCatalog.UrgentDeliveryDataCourseCatalog.UrgentDeliveryData(UrgentDeliveryDataCourseCatalog.java:14)
Caused by: org.openqa.selenium.NoSuchElementException: Unable to locate element: {&quot;method&quot;:&quot;id&quot;,&quot;selector&quot;:&quot;customfield_10194&quot;}
For documentation on this error, please visit: http://seleniumhq.org/exceptions/no_such_element.html
Build info: version: &apos;2.53.0&apos;, revision: &apos;35ae25b&apos;, time: &apos;2016-03-15 16:57:40&apos;
System info: host: &apos;S4KYDP6&apos;, ip: &apos;172.30.223.129&apos;, os.name: &apos;Windows 7&apos;, os.arch: &apos;x86&apos;, os.version: &apos;6.1&apos;, java.version: &apos;1.8.0_74&apos;
Driver info: driver.version: unknown
	at &lt;anonymous class&gt;.FirefoxDriver.prototype.findElementInternal_(file:///C:/Windows/TEMP/anonymous3462328586663590948webdriver-profile/extensions/fxdriver@googlecode.com/components/driver-component.js:10770)
	at &lt;anonymous class&gt;.fxdriver.Timer.prototype.setTimeout/&lt;.notify(file:///C:/Windows/TEMP/anonymous3462328586663590948webdriver-profile/extensions/fxdriver@googlecode.com/components/driver-component.js:625)
</error>

      </testcase>

      <system-out><![CDATA[]]></system-out>

      <system-err><![CDATA[]]></system-err>

  </testsuite>
  <testsuite errors="0" failures="0" hostname="S4KYDP6" id="10" name="ValidationCourseCatalog" package="CourseCatalog" tests="1" time="391.519" timestamp="2016-04-26T13:39:47">
      <properties>
[...]
</properties>

      <testcase classname="CourseCatalog.ValidationCourseCatalog" name="ValidationCourse" time="391.493" />

      <system-out><![CDATA[CATALOG-178277 Validation Course Catalog has been created and sent to Active
]]></system-out>

      <system-err><![CDATA[]]></system-err>

  </testsuite>
  <testsuite errors="1" failures="0" hostname="S4KYDP6" id="11" name="CourseModificationRequestDeliveryData" package="CourseModificationRequest" tests="1" time="327.11" timestamp="2016-04-26T14:18:51">
      <properties>
[...]
</properties>

      <testcase classname="CourseModificationRequest.CourseModificationRequestDeliveryData" name="CourseModificationRequest" time="327.002">
          <error message="Unable to locate element: {&quot;method&quot;:&quot;xpath&quot;,&quot;selector&quot;:&quot;//a[@href=&apos;#tab-8&apos;]&quot;}&#xa;Command duration or timeout: 200.10 seconds&#xa;For documentation on this error, please visit: http://seleniumhq.org/exceptions/no_such_element.html&#xa;Build info: version: &apos;2.53.0&apos;, revision: &apos;35ae25b&apos;, time: &apos;2016-03-15 16:57:40&apos;&#xa;System info: host: &apos;S4KYDP6&apos;, ip: &apos;172.30.223.129&apos;, os.name: &apos;Windows 7&apos;, os.arch: &apos;x86&apos;, os.version: &apos;6.1&apos;, java.version: &apos;1.8.0_74&apos;&#xa;Driver info: org.openqa.selenium.firefox.FirefoxDriver&#xa;Capabilities [{applicationCacheEnabled=true, rotatable=false, handlesAlerts=true, databaseEnabled=true, version=45.0.2, platform=WINDOWS, nativeEvents=false, acceptSslCerts=true, webStorageEnabled=true, locationContextEnabled=true, browserName=firefox, takesScreenshot=true, javascriptEnabled=true, cssSelectorsEnabled=true}]&#xa;Session ID: 0523682f-10dc-4bf3-9d3e-2240ce021e0c&#xa;*** Element info: {Using=xpath, value=//a[@href=&apos;#tab-8&apos;]}" type="org.openqa.selenium.NoSuchElementException">org.openqa.selenium.NoSuchElementException: Unable to locate element: {&quot;method&quot;:&quot;xpath&quot;,&quot;selector&quot;:&quot;//a[@href=&apos;#tab-8&apos;]&quot;}
Command duration or timeout: 200.10 seconds
For documentation on this error, please visit: http://seleniumhq.org/exceptions/no_such_element.html
Build info: version: &apos;2.53.0&apos;, revision: &apos;35ae25b&apos;, time: &apos;2016-03-15 16:57:40&apos;
System info: host: &apos;S4KYDP6&apos;, ip: &apos;172.30.223.129&apos;, os.name: &apos;Windows 7&apos;, os.arch: &apos;x86&apos;, os.version: &apos;6.1&apos;, java.version: &apos;1.8.0_74&apos;
Driver info: org.openqa.selenium.firefox.FirefoxDriver
Capabilities [{applicationCacheEnabled=true, rotatable=false, handlesAlerts=true, databaseEnabled=true, version=45.0.2, platform=WINDOWS, nativeEvents=false, acceptSslCerts=true, webStorageEnabled=true, locationContextEnabled=true, browserName=firefox, takesScreenshot=true, javascriptEnabled=true, cssSelectorsEnabled=true}]
Session ID: 0523682f-10dc-4bf3-9d3e-2240ce021e0c
*** Element info: {Using=xpath, value=//a[@href=&apos;#tab-8&apos;]}
	at java.lang.reflect.Constructor.newInstance(Constructor.java:423)
	at org.openqa.selenium.remote.ErrorHandler.createThrowable(ErrorHandler.java:206)
	at org.openqa.selenium.remote.ErrorHandler.throwIfResponseFailed(ErrorHandler.java:158)
	at org.openqa.selenium.remote.RemoteWebDriver.execute(RemoteWebDriver.java:678)
	at org.openqa.selenium.remote.RemoteWebDriver.findElement(RemoteWebDriver.java:363)
	at org.openqa.selenium.remote.RemoteWebDriver.findElementByXPath(RemoteWebDriver.java:500)
	at org.openqa.selenium.By$ByXPath.findElement(By.java:361)
	at org.openqa.selenium.remote.RemoteWebDriver.findElement(RemoteWebDriver.java:355)
	at CourseCatalog.CourseCatalogTemplate.DeliveryDataTab(CourseCatalogTemplate.java:240)
	at CourseCatalog.StandardCourseCatalogCreation.CourseStandard(StandardCourseCatalogCreation.java:57)
	at CourseCatalog.DeliveryDataCourseCatalog.DeliveryData(DeliveryDataCourseCatalog.java:21)
	at CourseModificationRequest.CourseModificationRequestDeliveryData.CourseModificationRequest(CourseModificationRequestDeliveryData.java:19)
Caused by: org.openqa.selenium.NoSuchElementException: Unable to locate element: {&quot;method&quot;:&quot;xpath&quot;,&quot;selector&quot;:&quot;//a[@href=&apos;#tab-8&apos;]&quot;}
For documentation on this error, please visit: http://seleniumhq.org/exceptions/no_such_element.html
Build info: version: &apos;2.53.0&apos;, revision: &apos;35ae25b&apos;, time: &apos;2016-03-15 16:57:40&apos;
System info: host: &apos;S4KYDP6&apos;, ip: &apos;172.30.223.129&apos;, os.name: &apos;Windows 7&apos;, os.arch: &apos;x86&apos;, os.version: &apos;6.1&apos;, java.version: &apos;1.8.0_74&apos;
Driver info: driver.version: unknown
	at &lt;anonymous class&gt;.FirefoxDriver.prototype.findElementInternal_(file:///C:/Windows/TEMP/anonymous4507612453795270668webdriver-profile/extensions/fxdriver@googlecode.com/components/driver-component.js:10770)
	at &lt;anonymous class&gt;.fxdriver.Timer.prototype.setTimeout/&lt;.notify(file:///C:/Windows/TEMP/anonymous4507612453795270668webdriver-profile/extensions/fxdriver@googlecode.com/components/driver-component.js:625)
</error>

      </testcase>

      <system-out><![CDATA[]]></system-out>

      <system-err><![CDATA[]]></system-err>

  </testsuite>
  <testsuite errors="0" failures="0" hostname="S4KYDP6" id="12" name="StandardCourseModificationRequest" package="CourseModificationRequest" tests="1" time="291.386" timestamp="2016-04-26T14:33:13">
      <properties>
[...]
</properties>

      <testcase classname="CourseModificationRequest.StandardCourseModificationRequest" name="CourseModificationRequest" time="291.331" />

      <system-out><![CDATA[CR-24798 Course Modification Request has been created and sent to Completed, Pending for Synchronization
]]></system-out>

      <system-err><![CDATA[]]></system-err>

  </testsuite>
  <testsuite errors="1" failures="0" hostname="S4KYDP6" id="13" name="ValidationCourseModificationRequest" package="CourseModificationRequest" tests="1" time="501.414" timestamp="2016-04-26T14:24:34">
      <properties>
[...]
</properties>

      <testcase classname="CourseModificationRequest.ValidationCourseModificationRequest" name="ValidateCourseModificationRequest" time="501.32">
          <error message="Unable to locate element: {&quot;method&quot;:&quot;id&quot;,&quot;selector&quot;:&quot;action_id_221&quot;}&#xa;Command duration or timeout: 200.07 seconds&#xa;For documentation on this error, please visit: http://seleniumhq.org/exceptions/no_such_element.html&#xa;Build info: version: &apos;2.53.0&apos;, revision: &apos;35ae25b&apos;, time: &apos;2016-03-15 16:57:40&apos;&#xa;System info: host: &apos;S4KYDP6&apos;, ip: &apos;172.30.223.129&apos;, os.name: &apos;Windows 7&apos;, os.arch: &apos;x86&apos;, os.version: &apos;6.1&apos;, java.version: &apos;1.8.0_74&apos;&#xa;Driver info: org.openqa.selenium.firefox.FirefoxDriver&#xa;Capabilities [{applicationCacheEnabled=true, rotatable=false, handlesAlerts=true, databaseEnabled=true, version=45.0.2, platform=WINDOWS, nativeEvents=false, acceptSslCerts=true, webStorageEnabled=true, locationContextEnabled=true, browserName=firefox, takesScreenshot=true, javascriptEnabled=true, cssSelectorsEnabled=true}]&#xa;Session ID: c957cfd8-e725-44f0-8231-97031dcf327b&#xa;*** Element info: {Using=id, value=action_id_221}" type="org.openqa.selenium.NoSuchElementException">org.openqa.selenium.NoSuchElementException: Unable to locate element: {&quot;method&quot;:&quot;id&quot;,&quot;selector&quot;:&quot;action_id_221&quot;}
Command duration or timeout: 200.07 seconds
For documentation on this error, please visit: http://seleniumhq.org/exceptions/no_such_element.html
Build info: version: &apos;2.53.0&apos;, revision: &apos;35ae25b&apos;, time: &apos;2016-03-15 16:57:40&apos;
System info: host: &apos;S4KYDP6&apos;, ip: &apos;172.30.223.129&apos;, os.name: &apos;Windows 7&apos;, os.arch: &apos;x86&apos;, os.version: &apos;6.1&apos;, java.version: &apos;1.8.0_74&apos;
Driver info: org.openqa.selenium.firefox.FirefoxDriver
Capabilities [{applicationCacheEnabled=true, rotatable=false, handlesAlerts=true, databaseEnabled=true, version=45.0.2, platform=WINDOWS, nativeEvents=false, acceptSslCerts=true, webStorageEnabled=true, locationContextEnabled=true, browserName=firefox, takesScreenshot=true, javascriptEnabled=true, cssSelectorsEnabled=true}]
Session ID: c957cfd8-e725-44f0-8231-97031dcf327b
*** Element info: {Using=id, value=action_id_221}
	at java.lang.reflect.Constructor.newInstance(Constructor.java:423)
	at org.openqa.selenium.remote.ErrorHandler.createThrowable(ErrorHandler.java:206)
	at org.openqa.selenium.remote.ErrorHandler.throwIfResponseFailed(ErrorHandler.java:158)
	at org.openqa.selenium.remote.RemoteWebDriver.execute(RemoteWebDriver.java:678)
	at org.openqa.selenium.remote.RemoteWebDriver.findElement(RemoteWebDriver.java:363)
	at org.openqa.selenium.remote.RemoteWebDriver.findElementById(RemoteWebDriver.java:413)
	at org.openqa.selenium.By$ById.findElement(By.java:218)
	at org.openqa.selenium.remote.RemoteWebDriver.findElement(RemoteWebDriver.java:355)
	at CourseModificationRequest.CourseModificationRequestTemplate.CourseModificationRequestExecution(CourseModificationRequestTemplate.java:50)
	at CourseModificationRequest.ValidationCourseModificationRequest.ValidateCourseModificationRequest(ValidationCourseModificationRequest.java:21)
Caused by: org.openqa.selenium.NoSuchElementException: Unable to locate element: {&quot;method&quot;:&quot;id&quot;,&quot;selector&quot;:&quot;action_id_221&quot;}
For documentation on this error, please visit: http://seleniumhq.org/exceptions/no_such_element.html
Build info: version: &apos;2.53.0&apos;, revision: &apos;35ae25b&apos;, time: &apos;2016-03-15 16:57:40&apos;
System info: host: &apos;S4KYDP6&apos;, ip: &apos;172.30.223.129&apos;, os.name: &apos;Windows 7&apos;, os.arch: &apos;x86&apos;, os.version: &apos;6.1&apos;, java.version: &apos;1.8.0_74&apos;
Driver info: driver.version: unknown
	at &lt;anonymous class&gt;.FirefoxDriver.prototype.findElementInternal_(file:///C:/Windows/TEMP/anonymous1763771769873343547webdriver-profile/extensions/fxdriver@googlecode.com/components/driver-component.js:10770)
	at &lt;anonymous class&gt;.fxdriver.Timer.prototype.setTimeout/&lt;.notify(file:///C:/Windows/TEMP/anonymous1763771769873343547webdriver-profile/extensions/fxdriver@googlecode.com/components/driver-component.js:625)
</error>

      </testcase>

      <system-out><![CDATA[]]></system-out>

      <system-err><![CDATA[]]></system-err>

  </testsuite>
  <testsuite errors="0" failures="0" hostname="S4KYDP6" id="14" name="CustomTask" package="CustomTask" tests="1" time="97.721" timestamp="2016-04-27T09:42:44">
      <properties>
[...]
</properties>

      <testcase classname="CustomTask.CustomTask" name="CustomTaskCreation" time="97.676" />

      <system-out><![CDATA[CT-97 Custom Task has been created and sent to Completed
]]></system-out>

      <system-err><![CDATA[]]></system-err>

  </testsuite>
  <testsuite errors="1" failures="0" hostname="S4KYDP6" id="15" name="SessionCatalogCancellation" package="SessionCatalog" tests="1" time="447.452" timestamp="2016-04-26T14:58:03">
      <properties>
[...]
</properties>

      <testcase classname="SessionCatalog.SessionCatalogCancellation" name="SessionCatalogCancellationExecution" time="447.273">
          <error message="Unable to locate element: {&quot;method&quot;:&quot;css selector&quot;,&quot;selector&quot;:&quot;div.error&quot;}&#xa;Command duration or timeout: 200.07 seconds&#xa;For documentation on this error, please visit: http://seleniumhq.org/exceptions/no_such_element.html&#xa;Build info: version: &apos;2.53.0&apos;, revision: &apos;35ae25b&apos;, time: &apos;2016-03-15 16:57:40&apos;&#xa;System info: host: &apos;S4KYDP6&apos;, ip: &apos;172.30.223.129&apos;, os.name: &apos;Windows 7&apos;, os.arch: &apos;x86&apos;, os.version: &apos;6.1&apos;, java.version: &apos;1.8.0_74&apos;&#xa;Driver info: org.openqa.selenium.firefox.FirefoxDriver&#xa;Capabilities [{applicationCacheEnabled=true, rotatable=false, handlesAlerts=true, databaseEnabled=true, version=45.0.2, platform=WINDOWS, nativeEvents=false, acceptSslCerts=true, webStorageEnabled=true, locationContextEnabled=true, browserName=firefox, takesScreenshot=true, javascriptEnabled=true, cssSelectorsEnabled=true}]&#xa;Session ID: 11fc4d97-050c-4652-870b-2b1457d96d2c&#xa;*** Element info: {Using=css selector, value=div.error}" type="org.openqa.selenium.NoSuchElementException">org.openqa.selenium.NoSuchElementException: Unable to locate element: {&quot;method&quot;:&quot;css selector&quot;,&quot;selector&quot;:&quot;div.error&quot;}
Command duration or timeout: 200.07 seconds
For documentation on this error, please visit: http://seleniumhq.org/exceptions/no_such_element.html
Build info: version: &apos;2.53.0&apos;, revision: &apos;35ae25b&apos;, time: &apos;2016-03-15 16:57:40&apos;
System info: host: &apos;S4KYDP6&apos;, ip: &apos;172.30.223.129&apos;, os.name: &apos;Windows 7&apos;, os.arch: &apos;x86&apos;, os.version: &apos;6.1&apos;, java.version: &apos;1.8.0_74&apos;
Driver info: org.openqa.selenium.firefox.FirefoxDriver
Capabilities [{applicationCacheEnabled=true, rotatable=false, handlesAlerts=true, databaseEnabled=true, version=45.0.2, platform=WINDOWS, nativeEvents=false, acceptSslCerts=true, webStorageEnabled=true, locationContextEnabled=true, browserName=firefox, takesScreenshot=true, javascriptEnabled=true, cssSelectorsEnabled=true}]
Session ID: 11fc4d97-050c-4652-870b-2b1457d96d2c
*** Element info: {Using=css selector, value=div.error}
	at java.lang.reflect.Constructor.newInstance(Constructor.java:423)
	at org.openqa.selenium.remote.ErrorHandler.createThrowable(ErrorHandler.java:206)
	at org.openqa.selenium.remote.ErrorHandler.throwIfResponseFailed(ErrorHandler.java:158)
	at org.openqa.selenium.remote.RemoteWebDriver.execute(RemoteWebDriver.java:678)
	at org.openqa.selenium.remote.RemoteWebDriver.findElement(RemoteWebDriver.java:363)
	at org.openqa.selenium.remote.RemoteWebDriver.findElementByCssSelector(RemoteWebDriver.java:492)
	at org.openqa.selenium.By$ByCssSelector.findElement(By.java:430)
	at org.openqa.selenium.remote.RemoteWebDriver.findElement(RemoteWebDriver.java:355)
	at CourseCatalog.CourseCatalogTemplate.CourseExecution(CourseCatalogTemplate.java:557)
	at CourseCatalog.StandardCourseCatalogCreation.CourseStandard(StandardCourseCatalogCreation.java:79)
	at SessionCatalog.SessionCatalogCancellation.SessionCatalogCancellationExecution(SessionCatalogCancellation.java:17)
Caused by: org.openqa.selenium.NoSuchElementException: Unable to locate element: {&quot;method&quot;:&quot;css selector&quot;,&quot;selector&quot;:&quot;div.error&quot;}
For documentation on this error, please visit: http://seleniumhq.org/exceptions/no_such_element.html
Build info: version: &apos;2.53.0&apos;, revision: &apos;35ae25b&apos;, time: &apos;2016-03-15 16:57:40&apos;
System info: host: &apos;S4KYDP6&apos;, ip: &apos;172.30.223.129&apos;, os.name: &apos;Windows 7&apos;, os.arch: &apos;x86&apos;, os.version: &apos;6.1&apos;, java.version: &apos;1.8.0_74&apos;
Driver info: driver.version: unknown
	at &lt;anonymous class&gt;.FirefoxDriver.prototype.findElementInternal_(file:///C:/Windows/TEMP/anonymous6816159257424038716webdriver-profile/extensions/fxdriver@googlecode.com/components/driver-component.js:10770)
	at &lt;anonymous class&gt;.fxdriver.Timer.prototype.setTimeout/&lt;.notify(file:///C:/Windows/TEMP/anonymous6816159257424038716webdriver-profile/extensions/fxdriver@googlecode.com/components/driver-component.js:625)
</error>

      </testcase>

      <system-out><![CDATA[]]></system-out>

      <system-err><![CDATA[]]></system-err>

  </testsuite>
  <testsuite errors="0" failures="0" hostname="S4KYDP6" id="16" name="SessionCatalogCompleted" package="SessionCatalog" tests="1" time="389.226" timestamp="2016-04-26T15:05:55">
      <properties>
[...]
</properties>

      <testcase classname="SessionCatalog.SessionCatalogCompleted" name="ExecutionSession" time="389.199" />

      <system-out><![CDATA[SESSIONS-204731 Session Catalog has been created and sent to Completed
]]></system-out>

      <system-err><![CDATA[]]></system-err>

  </testsuite>
  <testsuite errors="1" failures="0" hostname="S4KYDP6" id="17" name="SessionModificationRequest" package="SessionCatalog" tests="1" time="364.211" timestamp="2016-04-26T14:00:56">
      <properties>
[...]
</properties>

      <testcase classname="SessionCatalog.SessionModificationRequest" name="SessionModificationRequestCreation" time="363.942">
          <error message="Element is not clickable at point (809, 631). Other element would receive the click: &lt;div class=&quot;ui-widget-overlay&quot; style=&quot;height: 100%; width: 100%; position: fixed; left: 0px; top: 0px; z-index: 10009; opacity: 0.3;&quot;&gt;&lt;/div&gt;&#xa;Command duration or timeout: 93 milliseconds&#xa;Build info: version: &apos;2.53.0&apos;, revision: &apos;35ae25b&apos;, time: &apos;2016-03-15 16:57:40&apos;&#xa;System info: host: &apos;S4KYDP6&apos;, ip: &apos;172.30.223.129&apos;, os.name: &apos;Windows 7&apos;, os.arch: &apos;x86&apos;, os.version: &apos;6.1&apos;, java.version: &apos;1.8.0_74&apos;&#xa;Driver info: org.openqa.selenium.firefox.FirefoxDriver&#xa;Capabilities [{applicationCacheEnabled=true, rotatable=false, handlesAlerts=true, databaseEnabled=true, version=45.0.2, platform=WINDOWS, nativeEvents=false, acceptSslCerts=true, webStorageEnabled=true, locationContextEnabled=true, browserName=firefox, takesScreenshot=true, javascriptEnabled=true, cssSelectorsEnabled=true}]&#xa;Session ID: 2af0c669-b96b-4e69-a25c-9cef13a24e91" type="org.openqa.selenium.WebDriverException">org.openqa.selenium.WebDriverException: Element is not clickable at point (809, 631). Other element would receive the click: &lt;div class=&quot;ui-widget-overlay&quot; style=&quot;height: 100%; width: 100%; position: fixed; left: 0px; top: 0px; z-index: 10009; opacity: 0.3;&quot;&gt;&lt;/div&gt;
Command duration or timeout: 93 milliseconds
Build info: version: &apos;2.53.0&apos;, revision: &apos;35ae25b&apos;, time: &apos;2016-03-15 16:57:40&apos;
System info: host: &apos;S4KYDP6&apos;, ip: &apos;172.30.223.129&apos;, os.name: &apos;Windows 7&apos;, os.arch: &apos;x86&apos;, os.version: &apos;6.1&apos;, java.version: &apos;1.8.0_74&apos;
Driver info: org.openqa.selenium.firefox.FirefoxDriver
Capabilities [{applicationCacheEnabled=true, rotatable=false, handlesAlerts=true, databaseEnabled=true, version=45.0.2, platform=WINDOWS, nativeEvents=false, acceptSslCerts=true, webStorageEnabled=true, locationContextEnabled=true, browserName=firefox, takesScreenshot=true, javascriptEnabled=true, cssSelectorsEnabled=true}]
Session ID: 2af0c669-b96b-4e69-a25c-9cef13a24e91
	at java.lang.reflect.Constructor.newInstance(Constructor.java:423)
	at org.openqa.selenium.remote.ErrorHandler.createThrowable(ErrorHandler.java:206)
	at org.openqa.selenium.remote.ErrorHandler.throwIfResponseFailed(ErrorHandler.java:158)
	at org.openqa.selenium.remote.RemoteWebDriver.execute(RemoteWebDriver.java:678)
	at org.openqa.selenium.remote.RemoteWebElement.execute(RemoteWebElement.java:327)
	at org.openqa.selenium.remote.RemoteWebElement.click(RemoteWebElement.java:85)
	at SessionCatalog.SessionCatalogTemplate.SessionCatalogExecution(SessionCatalogTemplate.java:85)
	at SessionCatalog.SessionModificationRequest.SessionModificationRequestCreation(SessionModificationRequest.java:17)
</error>

      </testcase>

      <system-out><![CDATA[]]></system-out>

      <system-err><![CDATA[]]></system-err>

  </testsuite>
  <testsuite errors="0" failures="0" hostname="S4KYDP6" id="18" name="SessionRegularisationgRequest" package="SessioneLearningRegularisationRequest" tests="1" time="112.98" timestamp="2016-04-27T09:38:22">
      <properties>
[...]
</properties>

      <testcase classname="SessioneLearningRegularisationRequest.SessionRegularisationgRequest" name="SessioneRegularisationCreation" time="112.951" />

      <system-out><![CDATA[REQUESTS-7701 Session Regularisation Request has been created and sent to Completed
]]></system-out>

      <system-err><![CDATA[]]></system-err>

  </testsuite>
  <testsuite errors="0" failures="0" hostname="S4KYDP6" id="19" name="SessioneeLearninRequest" package="SessioneLearningRegularisationRequest" tests="1" time="107.577" timestamp="2016-04-27T09:40:38">
      <properties>
[...]
</properties>

      <testcase classname="SessioneLearningRegularisationRequest.SessioneeLearninRequest" name="SessioneLearningCreation" time="107.545" />

      <system-out><![CDATA[REQUESTS-7702 Session E-Learning Request has been created and sent to Completed
]]></system-out>

      <system-err><![CDATA[]]></system-err>

  </testsuite>
  <testsuite errors="1" failures="0" hostname="S4KYDP6" id="20" name="SubTasksCreation" package="SubTasks" tests="1" time="320.044" timestamp="2016-04-26T15:33:39">
      <properties>
[...]
</properties>

      <testcase classname="SubTasks.SubTasksCreation" name="SubtasksCreationExecution" time="319.678">
          <error message="Element is not clickable at point (285, 307.29998779296875). Other element would receive the click: &lt;div class=&quot;ui-widget-overlay&quot; style=&quot;height: 100%; width: 100%; position: fixed; left: 0px; top: 0px; z-index: 10009; opacity: 0.3;&quot;&gt;&lt;/div&gt;&#xa;Command duration or timeout: 78 milliseconds&#xa;Build info: version: &apos;2.53.0&apos;, revision: &apos;35ae25b&apos;, time: &apos;2016-03-15 16:57:40&apos;&#xa;System info: host: &apos;S4KYDP6&apos;, ip: &apos;172.30.223.129&apos;, os.name: &apos;Windows 7&apos;, os.arch: &apos;x86&apos;, os.version: &apos;6.1&apos;, java.version: &apos;1.8.0_74&apos;&#xa;Driver info: org.openqa.selenium.firefox.FirefoxDriver&#xa;Capabilities [{applicationCacheEnabled=true, rotatable=false, handlesAlerts=true, databaseEnabled=true, version=45.0.2, platform=WINDOWS, nativeEvents=false, acceptSslCerts=true, webStorageEnabled=true, locationContextEnabled=true, browserName=firefox, takesScreenshot=true, javascriptEnabled=true, cssSelectorsEnabled=true}]&#xa;Session ID: f3ae4ab4-cdf0-47a5-a151-7223cf5f691f" type="org.openqa.selenium.WebDriverException">org.openqa.selenium.WebDriverException: Element is not clickable at point (285, 307.29998779296875). Other element would receive the click: &lt;div class=&quot;ui-widget-overlay&quot; style=&quot;height: 100%; width: 100%; position: fixed; left: 0px; top: 0px; z-index: 10009; opacity: 0.3;&quot;&gt;&lt;/div&gt;
Command duration or timeout: 78 milliseconds
Build info: version: &apos;2.53.0&apos;, revision: &apos;35ae25b&apos;, time: &apos;2016-03-15 16:57:40&apos;
System info: host: &apos;S4KYDP6&apos;, ip: &apos;172.30.223.129&apos;, os.name: &apos;Windows 7&apos;, os.arch: &apos;x86&apos;, os.version: &apos;6.1&apos;, java.version: &apos;1.8.0_74&apos;
Driver info: org.openqa.selenium.firefox.FirefoxDriver
Capabilities [{applicationCacheEnabled=true, rotatable=false, handlesAlerts=true, databaseEnabled=true, version=45.0.2, platform=WINDOWS, nativeEvents=false, acceptSslCerts=true, webStorageEnabled=true, locationContextEnabled=true, browserName=firefox, takesScreenshot=true, javascriptEnabled=true, cssSelectorsEnabled=true}]
Session ID: f3ae4ab4-cdf0-47a5-a151-7223cf5f691f
	at java.lang.reflect.Constructor.newInstance(Constructor.java:423)
	at org.openqa.selenium.remote.ErrorHandler.createThrowable(ErrorHandler.java:206)
	at org.openqa.selenium.remote.ErrorHandler.throwIfResponseFailed(ErrorHandler.java:158)
	at org.openqa.selenium.remote.RemoteWebDriver.execute(RemoteWebDriver.java:678)
	at org.openqa.selenium.remote.RemoteWebElement.execute(RemoteWebElement.java:327)
	at org.openqa.selenium.remote.RemoteWebElement.click(RemoteWebElement.java:85)
	at SessionCatalog.SessionCatalogTemplate.SessionFields(SessionCatalogTemplate.java:32)
	at SessionCatalog.SessionCatalogTemplate.SessionCatalogExecution(SessionCatalogTemplate.java:83)
	at SessionCatalog.SessionCatalogCompleted.SessionCatalogCompletedExecution(SessionCatalogCompleted.java:23)
	at SubTasks.SubTasksCreation.SubtasksCreationExecution(SubTasksCreation.java:18)
</error>

      </testcase>

      <system-out><![CDATA[]]></system-out>

      <system-err><![CDATA[]]></system-err>

  </testsuite>
  <testsuite errors="1" failures="0" hostname="S4KYDP6" id="21" name="SubTasksWorkFlow" package="SubTasks" tests="1" time="847.119" timestamp="2016-04-26T15:13:02">
      <properties>
[...]
</properties>

      <testcase classname="SubTasks.SubTasksWorkFlow" name="SubtasksWorkflowExecutionInit" time="847.092">
          <error message="Element not found in the cache - perhaps the page has changed since it was looked up&#xa;Command duration or timeout: 200.06 seconds&#xa;For documentation on this error, please visit: http://seleniumhq.org/exceptions/stale_element_reference.html&#xa;Build info: version: &apos;2.53.0&apos;, revision: &apos;35ae25b&apos;, time: &apos;2016-03-15 16:57:40&apos;&#xa;System info: host: &apos;S4KYDP6&apos;, ip: &apos;172.30.223.129&apos;, os.name: &apos;Windows 7&apos;, os.arch: &apos;x86&apos;, os.version: &apos;6.1&apos;, java.version: &apos;1.8.0_74&apos;&#xa;Driver info: org.openqa.selenium.firefox.FirefoxDriver&#xa;Capabilities [{applicationCacheEnabled=true, rotatable=false, handlesAlerts=true, databaseEnabled=true, version=45.0.2, platform=WINDOWS, nativeEvents=false, acceptSslCerts=true, webStorageEnabled=true, locationContextEnabled=true, browserName=firefox, takesScreenshot=true, javascriptEnabled=true, cssSelectorsEnabled=true}]&#xa;Session ID: 73cc3029-018f-47ce-97bc-976d4d1a4664" type="org.openqa.selenium.StaleElementReferenceException">org.openqa.selenium.StaleElementReferenceException: Element not found in the cache - perhaps the page has changed since it was looked up
Command duration or timeout: 200.06 seconds
For documentation on this error, please visit: http://seleniumhq.org/exceptions/stale_element_reference.html
Build info: version: &apos;2.53.0&apos;, revision: &apos;35ae25b&apos;, time: &apos;2016-03-15 16:57:40&apos;
System info: host: &apos;S4KYDP6&apos;, ip: &apos;172.30.223.129&apos;, os.name: &apos;Windows 7&apos;, os.arch: &apos;x86&apos;, os.version: &apos;6.1&apos;, java.version: &apos;1.8.0_74&apos;
Driver info: org.openqa.selenium.firefox.FirefoxDriver
Capabilities [{applicationCacheEnabled=true, rotatable=false, handlesAlerts=true, databaseEnabled=true, version=45.0.2, platform=WINDOWS, nativeEvents=false, acceptSslCerts=true, webStorageEnabled=true, locationContextEnabled=true, browserName=firefox, takesScreenshot=true, javascriptEnabled=true, cssSelectorsEnabled=true}]
Session ID: 73cc3029-018f-47ce-97bc-976d4d1a4664
	at java.lang.reflect.Constructor.newInstance(Constructor.java:423)
	at org.openqa.selenium.remote.ErrorHandler.createThrowable(ErrorHandler.java:206)
	at org.openqa.selenium.remote.ErrorHandler.throwIfResponseFailed(ErrorHandler.java:158)
	at org.openqa.selenium.remote.RemoteWebDriver.execute(RemoteWebDriver.java:678)
	at org.openqa.selenium.remote.RemoteWebElement.execute(RemoteWebElement.java:327)
	at org.openqa.selenium.remote.RemoteWebElement.click(RemoteWebElement.java:85)
	at SubTasks.SubTasksWorkFlow.SubtasksWorkflowExecution(SubTasksWorkFlow.java:27)
	at SubTasks.SubTasksWorkFlow.SubtasksWorkflowExecutionInit(SubTasksWorkFlow.java:15)
Caused by: org.openqa.selenium.StaleElementReferenceException: Element not found in the cache - perhaps the page has changed since it was looked up
For documentation on this error, please visit: http://seleniumhq.org/exceptions/stale_element_reference.html
Build info: version: &apos;2.53.0&apos;, revision: &apos;35ae25b&apos;, time: &apos;2016-03-15 16:57:40&apos;
System info: host: &apos;S4KYDP6&apos;, ip: &apos;172.30.223.129&apos;, os.name: &apos;Windows 7&apos;, os.arch: &apos;x86&apos;, os.version: &apos;6.1&apos;, java.version: &apos;1.8.0_74&apos;
Driver info: driver.version: unknown
	at &lt;anonymous class&gt;.fxdriver.cache.getElementAt(resource://fxdriver/modules/web-element-cache.js:9454)
	at &lt;anonymous class&gt;.Utils.getElementAt(file:///C:/Windows/TEMP/anonymous8161608897539896718webdriver-profile/extensions/fxdriver@googlecode.com/components/command-processor.js:9039)
	at &lt;anonymous class&gt;.fxdriver.preconditions.visible(file:///C:/Windows/TEMP/anonymous8161608897539896718webdriver-profile/extensions/fxdriver@googlecode.com/components/command-processor.js:10090)
	at &lt;anonymous class&gt;.DelayedCommand.prototype.checkPreconditions_(file:///C:/Windows/TEMP/anonymous8161608897539896718webdriver-profile/extensions/fxdriver@googlecode.com/components/command-processor.js:12644)
	at &lt;anonymous class&gt;.DelayedCommand.prototype.executeInternal_/h(file:///C:/Windows/TEMP/anonymous8161608897539896718webdriver-profile/extensions/fxdriver@googlecode.com/components/command-processor.js:12661)
	at &lt;anonymous class&gt;.fxdriver.Timer.prototype.setTimeout/&lt;.notify(file:///C:/Windows/TEMP/anonymous8161608897539896718webdriver-profile/extensions/fxdriver@googlecode.com/components/command-processor.js:625)
</error>

      </testcase>

      <system-out><![CDATA[]]></system-out>

      <system-err><![CDATA[]]></system-err>

  </testsuite>
  <testsuite errors="1" failures="0" hostname="S4KYDP6" id="22" name="SubTasksWorkFlowCancelled" package="SubTasks" tests="1" time="742.321" timestamp="2016-04-26T14:42:35">
      <properties>
[...]
</properties>

      <testcase classname="SubTasks.SubTasksWorkFlowCancelled" name="SubtasksWorkflowExecutionInit" time="742.276">
          <error message="Element is not currently visible and so may not be interacted with&#xa;Command duration or timeout: 200.11 seconds&#xa;Build info: version: &apos;2.53.0&apos;, revision: &apos;35ae25b&apos;, time: &apos;2016-03-15 16:57:40&apos;&#xa;System info: host: &apos;S4KYDP6&apos;, ip: &apos;172.30.223.129&apos;, os.name: &apos;Windows 7&apos;, os.arch: &apos;x86&apos;, os.version: &apos;6.1&apos;, java.version: &apos;1.8.0_74&apos;&#xa;Driver info: org.openqa.selenium.firefox.FirefoxDriver&#xa;Capabilities [{applicationCacheEnabled=true, rotatable=false, handlesAlerts=true, databaseEnabled=true, version=45.0.2, platform=WINDOWS, nativeEvents=false, acceptSslCerts=true, webStorageEnabled=true, locationContextEnabled=true, browserName=firefox, takesScreenshot=true, javascriptEnabled=true, cssSelectorsEnabled=true}]&#xa;Session ID: bc202f04-17c1-47f8-8897-9080e5f508cb" type="org.openqa.selenium.ElementNotVisibleException">org.openqa.selenium.ElementNotVisibleException: Element is not currently visible and so may not be interacted with
Command duration or timeout: 200.11 seconds
Build info: version: &apos;2.53.0&apos;, revision: &apos;35ae25b&apos;, time: &apos;2016-03-15 16:57:40&apos;
System info: host: &apos;S4KYDP6&apos;, ip: &apos;172.30.223.129&apos;, os.name: &apos;Windows 7&apos;, os.arch: &apos;x86&apos;, os.version: &apos;6.1&apos;, java.version: &apos;1.8.0_74&apos;
Driver info: org.openqa.selenium.firefox.FirefoxDriver
Capabilities [{applicationCacheEnabled=true, rotatable=false, handlesAlerts=true, databaseEnabled=true, version=45.0.2, platform=WINDOWS, nativeEvents=false, acceptSslCerts=true, webStorageEnabled=true, locationContextEnabled=true, browserName=firefox, takesScreenshot=true, javascriptEnabled=true, cssSelectorsEnabled=true}]
Session ID: bc202f04-17c1-47f8-8897-9080e5f508cb
	at java.lang.reflect.Constructor.newInstance(Constructor.java:423)
	at org.openqa.selenium.remote.ErrorHandler.createThrowable(ErrorHandler.java:206)
	at org.openqa.selenium.remote.ErrorHandler.throwIfResponseFailed(ErrorHandler.java:158)
	at org.openqa.selenium.remote.RemoteWebDriver.execute(RemoteWebDriver.java:678)
	at org.openqa.selenium.remote.RemoteWebElement.execute(RemoteWebElement.java:327)
	at org.openqa.selenium.remote.RemoteWebElement.click(RemoteWebElement.java:85)
	at SubTasks.SubTasksCreation.AGSessionOverview(SubTasksCreation.java:266)
	at SubTasks.SubTasksCreation.SubtasksCreation(SubTasksCreation.java:45)
	at SubTasks.SubTasksWorkFlowCancelled.SubtasksWorkflowExecutionInit(SubTasksWorkFlowCancelled.java:13)
Caused by: org.openqa.selenium.ElementNotVisibleException: Element is not currently visible and so may not be interacted with
Build info: version: &apos;2.53.0&apos;, revision: &apos;35ae25b&apos;, time: &apos;2016-03-15 16:57:40&apos;
System info: host: &apos;S4KYDP6&apos;, ip: &apos;172.30.223.129&apos;, os.name: &apos;Windows 7&apos;, os.arch: &apos;x86&apos;, os.version: &apos;6.1&apos;, java.version: &apos;1.8.0_74&apos;
Driver info: driver.version: unknown
	at &lt;anonymous class&gt;.fxdriver.preconditions.visible(file:///C:/Windows/TEMP/anonymous1454033076649999403webdriver-profile/extensions/fxdriver@googlecode.com/components/command-processor.js:10092)
	at &lt;anonymous class&gt;.DelayedCommand.prototype.checkPreconditions_(file:///C:/Windows/TEMP/anonymous1454033076649999403webdriver-profile/extensions/fxdriver@googlecode.com/components/command-processor.js:12644)
	at &lt;anonymous class&gt;.DelayedCommand.prototype.executeInternal_/h(file:///C:/Windows/TEMP/anonymous1454033076649999403webdriver-profile/extensions/fxdriver@googlecode.com/components/command-processor.js:12661)
	at &lt;anonymous class&gt;.fxdriver.Timer.prototype.setTimeout/&lt;.notify(file:///C:/Windows/TEMP/anonymous1454033076649999403webdriver-profile/extensions/fxdriver@googlecode.com/components/command-processor.js:625)
</error>

      </testcase>

      <system-out><![CDATA[]]></system-out>

      <system-err><![CDATA[]]></system-err>

  </testsuite>
</testsuites>
